2017/05/22 11:53:21  INFO [controller.(*Logic).Run](logic.go:54) server starting on[:6565]..
2017/05/22 11:57:55 DEBUG [controller.(*Logic).GetWeixinSetting](srv_endpoint.go:208) get weixin setting req: &{wxid_hang3305std122 heba0539517395zx 梦柔}
2017/05/22 11:58:01 DEBUG [controller.(*Logic).GetTask](task_endpoint.go:121) get task req: &{wxid_hang3305std122 heba0539517395zx 梦柔}
2017/05/22 11:58:01 DEBUG [controller.(*Logic).GetTask](task_endpoint.go:147) default task: {1 3 {"cards":["gh_bf5466bf916c","gh_cb645007fc9e","gh_287980d3b12d"],"interval":3} 1 1495355440 1495355440}
2017/05/22 11:58:11 DEBUG [controller.(*Logic).GetTask](task_endpoint.go:121) get task req: &{wxid_hang3305std122 heba0539517395zx 梦柔}
2017/05/22 12:04:08 DEBUG [controller.(*Logic).GetWeixinSetting](srv_endpoint.go:208) get weixin setting req: &{wxid_hang3305std122 heba0539517395zx 梦柔}
2017/05/22 12:04:17 DEBUG [controller.(*Logic).GetTask](task_endpoint.go:121) get task req: &{wxid_hang3305std122 heba0539517395zx 梦柔}
2017/05/22 12:05:50 DEBUG [controller.(*Logic).GetWeixinSetting](srv_endpoint.go:208) get weixin setting req: &{wxid_hang3305std122 heba0539517395zx 梦柔}
2017/05/22 12:06:00 DEBUG [controller.(*Logic).GetTask](task_endpoint.go:121) get task req: &{wxid_hang3305std122 heba0539517395zx 梦柔}
2017/05/22 12:10:24 DEBUG [controller.(*Logic).GetWeixinSetting](srv_endpoint.go:208) get weixin setting req: &{wxid_hang3305std122 heba0539517395zx 梦柔}
2017/05/22 12:10:31 DEBUG [controller.(*Logic).GetTask](task_endpoint.go:121) get task req: &{wxid_hang3305std122 heba0539517395zx 梦柔}
2017/05/22 12:16:35 DEBUG [controller.(*Logic).GetWeixinSetting](srv_endpoint.go:208) get weixin setting req: &{wxid_hang3305std122 heba0539517395zx 梦柔}
2017/05/22 12:16:41 DEBUG [controller.(*Logic).GetTask](task_endpoint.go:121) get task req: &{wxid_hang3305std122 heba0539517395zx 梦柔}
2017/05/22 12:16:51 DEBUG [controller.(*Logic).GetTask](task_endpoint.go:121) get task req: &{wxid_hang3305std122 heba0539517395zx 梦柔}
2017/05/22 12:17:01 DEBUG [controller.(*Logic).GetTask](task_endpoint.go:121) get task req: &{wxid_hang3305std122 heba0539517395zx 梦柔}
2017/05/22 12:17:11 DEBUG [controller.(*Logic).GetTask](task_endpoint.go:121) get task req: &{wxid_hang3305std122 heba0539517395zx 梦柔}
2017/05/22 12:17:21 DEBUG [controller.(*Logic).GetTask](task_endpoint.go:121) get task req: &{wxid_hang3305std122 heba0539517395zx 梦柔}
2017/05/22 12:17:31 DEBUG [controller.(*Logic).GetTask](task_endpoint.go:121) get task req: &{wxid_hang3305std122 heba0539517395zx 梦柔}
2017/05/22 12:17:41 DEBUG [controller.(*Logic).GetTask](task_endpoint.go:121) get task req: &{wxid_hang3305std122 heba0539517395zx 梦柔}
2017/05/22 12:17:51 DEBUG [controller.(*Logic).GetTask](task_endpoint.go:121) get task req: &{wxid_hang3305std122 heba0539517395zx 梦柔}
2017/05/22 12:18:01 DEBUG [controller.(*Logic).GetTask](task_endpoint.go:121) get task req: &{wxid_hang3305std122 heba0539517395zx 梦柔}
2017/05/22 12:18:11 DEBUG [controller.(*Logic).GetTask](task_endpoint.go:121) get task req: &{wxid_hang3305std122 heba0539517395zx 梦柔}
2017/05/22 12:18:21 DEBUG [controller.(*Logic).GetTask](task_endpoint.go:121) get task req: &{wxid_hang3305std122 heba0539517395zx 梦柔}
2017/05/22 12:18:31 DEBUG [controller.(*Logic).GetTask](task_endpoint.go:121) get task req: &{wxid_hang3305std122 heba0539517395zx 梦柔}
2017/05/22 12:18:41 DEBUG [controller.(*Logic).GetTask](task_endpoint.go:121) get task req: &{wxid_hang3305std122 heba0539517395zx 梦柔}
2017/05/22 12:18:51 DEBUG [controller.(*Logic).GetTask](task_endpoint.go:121) get task req: &{wxid_hang3305std122 heba0539517395zx 梦柔}
2017/05/22 12:19:01 DEBUG [controller.(*Logic).GetTask](task_endpoint.go:121) get task req: &{wxid_hang3305std122 heba0539517395zx 梦柔}
2017/05/22 12:19:11 DEBUG [controller.(*Logic).GetTask](task_endpoint.go:121) get task req: &{wxid_hang3305std122 heba0539517395zx 梦柔}
2017/05/22 12:19:21 DEBUG [controller.(*Logic).GetTask](task_endpoint.go:121) get task req: &{wxid_hang3305std122 heba0539517395zx 梦柔}
2017/05/22 12:19:31 DEBUG [controller.(*Logic).GetTask](task_endpoint.go:121) get task req: &{wxid_hang3305std122 heba0539517395zx 梦柔}
2017/05/22 12:19:41 DEBUG [controller.(*Logic).GetTask](task_endpoint.go:121) get task req: &{wxid_hang3305std122 heba0539517395zx 梦柔}
2017/05/22 12:19:51 DEBUG [controller.(*Logic).GetTask](task_endpoint.go:121) get task req: &{wxid_hang3305std122 heba0539517395zx 梦柔}
2017/05/22 12:20:01 DEBUG [controller.(*Logic).GetTask](task_endpoint.go:121) get task req: &{wxid_hang3305std122 heba0539517395zx 梦柔}
2017/05/22 12:20:11 DEBUG [controller.(*Logic).GetTask](task_endpoint.go:121) get task req: &{wxid_hang3305std122 heba0539517395zx 梦柔}
2017/05/22 12:20:21 DEBUG [controller.(*Logic).GetTask](task_endpoint.go:121) get task req: &{wxid_hang3305std122 heba0539517395zx 梦柔}
2017/05/22 12:20:31 DEBUG [controller.(*Logic).GetTask](task_endpoint.go:121) get task req: &{wxid_hang3305std122 heba0539517395zx 梦柔}
2017/05/22 12:20:41 DEBUG [controller.(*Logic).GetTask](task_endpoint.go:121) get task req: &{wxid_hang3305std122 heba0539517395zx 梦柔}
2017/05/22 12:20:51 DEBUG [controller.(*Logic).GetTask](task_endpoint.go:121) get task req: &{wxid_hang3305std122 heba0539517395zx 梦柔}
2017/05/22 12:21:01 DEBUG [controller.(*Logic).GetTask](task_endpoint.go:121) get task req: &{wxid_hang3305std122 heba0539517395zx 梦柔}
2017/05/22 12:21:11 DEBUG [controller.(*Logic).GetTask](task_endpoint.go:121) get task req: &{wxid_hang3305std122 heba0539517395zx 梦柔}
2017/05/22 12:21:21 DEBUG [controller.(*Logic).GetTask](task_endpoint.go:121) get task req: &{wxid_hang3305std122 heba0539517395zx 梦柔}
2017/05/22 12:21:32 DEBUG [controller.(*Logic).GetTask](task_endpoint.go:121) get task req: &{wxid_hang3305std122 heba0539517395zx 梦柔}
2017/05/22 12:21:41 DEBUG [controller.(*Logic).GetTask](task_endpoint.go:121) get task req: &{wxid_hang3305std122 heba0539517395zx 梦柔}
2017/05/22 12:21:51 DEBUG [controller.(*Logic).GetTask](task_endpoint.go:121) get task req: &{wxid_hang3305std122 heba0539517395zx 梦柔}
2017/05/22 12:22:01 DEBUG [controller.(*Logic).GetTask](task_endpoint.go:121) get task req: &{wxid_hang3305std122 heba0539517395zx 梦柔}
2017/05/22 12:22:11 DEBUG [controller.(*Logic).GetTask](task_endpoint.go:121) get task req: &{wxid_hang3305std122 heba0539517395zx 梦柔}
2017/05/22 12:22:21 DEBUG [controller.(*Logic).GetTask](task_endpoint.go:121) get task req: &{wxid_hang3305std122 heba0539517395zx 梦柔}
2017/05/22 12:22:31 DEBUG [controller.(*Logic).GetTask](task_endpoint.go:121) get task req: &{wxid_hang3305std122 heba0539517395zx 梦柔}
2017/05/22 12:22:41 DEBUG [controller.(*Logic).GetTask](task_endpoint.go:121) get task req: &{wxid_hang3305std122 heba0539517395zx 梦柔}
2017/05/22 12:22:51 DEBUG [controller.(*Logic).GetTask](task_endpoint.go:121) get task req: &{wxid_hang3305std122 heba0539517395zx 梦柔}
2017/05/22 12:23:01 DEBUG [controller.(*Logic).GetTask](task_endpoint.go:121) get task req: &{wxid_hang3305std122 heba0539517395zx 梦柔}
2017/05/22 12:23:11 DEBUG [controller.(*Logic).GetTask](task_endpoint.go:121) get task req: &{wxid_hang3305std122 heba0539517395zx 梦柔}
2017/05/22 12:23:21 DEBUG [controller.(*Logic).GetTask](task_endpoint.go:121) get task req: &{wxid_hang3305std122 heba0539517395zx 梦柔}
2017/05/22 12:23:31 DEBUG [controller.(*Logic).GetTask](task_endpoint.go:121) get task req: &{wxid_hang3305std122 heba0539517395zx 梦柔}
2017/05/22 12:23:41 DEBUG [controller.(*Logic).GetTask](task_endpoint.go:121) get task req: &{wxid_hang3305std122 heba0539517395zx 梦柔}
2017/05/22 12:23:51 DEBUG [controller.(*Logic).GetTask](task_endpoint.go:121) get task req: &{wxid_hang3305std122 heba0539517395zx 梦柔}
2017/05/22 12:24:01 DEBUG [controller.(*Logic).GetTask](task_endpoint.go:121) get task req: &{wxid_hang3305std122 heba0539517395zx 梦柔}
2017/05/22 12:24:11 DEBUG [controller.(*Logic).GetTask](task_endpoint.go:121) get task req: &{wxid_hang3305std122 heba0539517395zx 梦柔}
2017/05/22 12:24:21 DEBUG [controller.(*Logic).GetTask](task_endpoint.go:121) get task req: &{wxid_hang3305std122 heba0539517395zx 梦柔}
2017/05/22 12:24:31 DEBUG [controller.(*Logic).GetTask](task_endpoint.go:121) get task req: &{wxid_hang3305std122 heba0539517395zx 梦柔}
2017/05/22 12:24:41 DEBUG [controller.(*Logic).GetTask](task_endpoint.go:121) get task req: &{wxid_hang3305std122 heba0539517395zx 梦柔}
2017/05/22 12:24:51 DEBUG [controller.(*Logic).GetTask](task_endpoint.go:121) get task req: &{wxid_hang3305std122 heba0539517395zx 梦柔}
2017/05/22 12:25:01 DEBUG [controller.(*Logic).GetTask](task_endpoint.go:121) get task req: &{wxid_hang3305std122 heba0539517395zx 梦柔}
2017/05/22 12:25:11 DEBUG [controller.(*Logic).GetTask](task_endpoint.go:121) get task req: &{wxid_hang3305std122 heba0539517395zx 梦柔}
2017/05/22 12:25:21 DEBUG [controller.(*Logic).GetTask](task_endpoint.go:121) get task req: &{wxid_hang3305std122 heba0539517395zx 梦柔}
2017/05/22 12:25:31 DEBUG [controller.(*Logic).GetTask](task_endpoint.go:121) get task req: &{wxid_hang3305std122 heba0539517395zx 梦柔}
2017/05/22 12:25:41 DEBUG [controller.(*Logic).GetTask](task_endpoint.go:121) get task req: &{wxid_hang3305std122 heba0539517395zx 梦柔}
2017/05/22 12:25:51 DEBUG [controller.(*Logic).GetTask](task_endpoint.go:121) get task req: &{wxid_hang3305std122 heba0539517395zx 梦柔}
2017/05/22 12:26:01 DEBUG [controller.(*Logic).GetTask](task_endpoint.go:121) get task req: &{wxid_hang3305std122 heba0539517395zx 梦柔}
2017/05/22 12:26:11 DEBUG [controller.(*Logic).GetTask](task_endpoint.go:121) get task req: &{wxid_hang3305std122 heba0539517395zx 梦柔}
2017/05/22 12:26:21 DEBUG [controller.(*Logic).GetTask](task_endpoint.go:121) get task req: &{wxid_hang3305std122 heba0539517395zx 梦柔}
2017/05/22 12:26:31 DEBUG [controller.(*Logic).GetTask](task_endpoint.go:121) get task req: &{wxid_hang3305std122 heba0539517395zx 梦柔}
2017/05/22 12:26:41 DEBUG [controller.(*Logic).GetTask](task_endpoint.go:121) get task req: &{wxid_hang3305std122 heba0539517395zx 梦柔}
2017/05/22 12:26:51 DEBUG [controller.(*Logic).GetTask](task_endpoint.go:121) get task req: &{wxid_hang3305std122 heba0539517395zx 梦柔}
2017/05/22 12:27:01 DEBUG [controller.(*Logic).GetTask](task_endpoint.go:121) get task req: &{wxid_hang3305std122 heba0539517395zx 梦柔}
2017/05/22 12:27:11 DEBUG [controller.(*Logic).GetTask](task_endpoint.go:121) get task req: &{wxid_hang3305std122 heba0539517395zx 梦柔}
2017/05/22 12:27:21 DEBUG [controller.(*Logic).GetTask](task_endpoint.go:121) get task req: &{wxid_hang3305std122 heba0539517395zx 梦柔}
2017/05/22 12:27:31 DEBUG [controller.(*Logic).GetTask](task_endpoint.go:121) get task req: &{wxid_hang3305std122 heba0539517395zx 梦柔}
2017/05/22 12:27:41 DEBUG [controller.(*Logic).GetTask](task_endpoint.go:121) get task req: &{wxid_hang3305std122 heba0539517395zx 梦柔}
2017/05/22 12:27:51 DEBUG [controller.(*Logic).GetTask](task_endpoint.go:121) get task req: &{wxid_hang3305std122 heba0539517395zx 梦柔}
2017/05/22 12:28:01 DEBUG [controller.(*Logic).GetTask](task_endpoint.go:121) get task req: &{wxid_hang3305std122 heba0539517395zx 梦柔}
2017/05/22 12:28:11 DEBUG [controller.(*Logic).GetTask](task_endpoint.go:121) get task req: &{wxid_hang3305std122 heba0539517395zx 梦柔}
2017/05/22 12:28:21 DEBUG [controller.(*Logic).GetTask](task_endpoint.go:121) get task req: &{wxid_hang3305std122 heba0539517395zx 梦柔}
2017/05/22 12:28:31 DEBUG [controller.(*Logic).GetTask](task_endpoint.go:121) get task req: &{wxid_hang3305std122 heba0539517395zx 梦柔}
2017/05/22 12:28:42 DEBUG [controller.(*Logic).GetTask](task_endpoint.go:121) get task req: &{wxid_hang3305std122 heba0539517395zx 梦柔}
2017/05/22 12:28:51 DEBUG [controller.(*Logic).GetTask](task_endpoint.go:121) get task req: &{wxid_hang3305std122 heba0539517395zx 梦柔}
2017/05/22 12:48:57 DEBUG [controller.(*Logic).GetTask](task_endpoint.go:121) get task req: &{wxid_hang3305std122 heba0539517395zx 梦柔}
2017/05/22 12:49:01 DEBUG [controller.(*Logic).GetTask](task_endpoint.go:121) get task req: &{wxid_hang3305std122 heba0539517395zx 梦柔}
2017/05/22 12:49:11 DEBUG [controller.(*Logic).GetTask](task_endpoint.go:121) get task req: &{wxid_hang3305std122 heba0539517395zx 梦柔}
2017/05/22 12:49:21 DEBUG [controller.(*Logic).GetTask](task_endpoint.go:121) get task req: &{wxid_hang3305std122 heba0539517395zx 梦柔}
2017/05/22 12:49:31 DEBUG [controller.(*Logic).GetTask](task_endpoint.go:121) get task req: &{wxid_hang3305std122 heba0539517395zx 梦柔}
2017/05/22 12:49:41 DEBUG [controller.(*Logic).GetTask](task_endpoint.go:121) get task req: &{wxid_hang3305std122 heba0539517395zx 梦柔}
2017/05/22 12:49:51 DEBUG [controller.(*Logic).GetTask](task_endpoint.go:121) get task req: &{wxid_hang3305std122 heba0539517395zx 梦柔}
2017/05/22 12:50:01 DEBUG [controller.(*Logic).GetTask](task_endpoint.go:121) get task req: &{wxid_hang3305std122 heba0539517395zx 梦柔}
2017/05/22 12:50:11 DEBUG [controller.(*Logic).GetTask](task_endpoint.go:121) get task req: &{wxid_hang3305std122 heba0539517395zx 梦柔}
2017/05/22 12:50:21 DEBUG [controller.(*Logic).GetTask](task_endpoint.go:121) get task req: &{wxid_hang3305std122 heba0539517395zx 梦柔}
2017/05/22 12:50:31 DEBUG [controller.(*Logic).GetTask](task_endpoint.go:121) get task req: &{wxid_hang3305std122 heba0539517395zx 梦柔}
2017/05/22 12:50:41 DEBUG [controller.(*Logic).GetTask](task_endpoint.go:121) get task req: &{wxid_hang3305std122 heba0539517395zx 梦柔}
2017/05/22 12:50:51 DEBUG [controller.(*Logic).GetTask](task_endpoint.go:121) get task req: &{wxid_hang3305std122 heba0539517395zx 梦柔}
2017/05/22 12:51:01 DEBUG [controller.(*Logic).GetTask](task_endpoint.go:121) get task req: &{wxid_hang3305std122 heba0539517395zx 梦柔}
2017/05/22 12:51:11 DEBUG [controller.(*Logic).GetTask](task_endpoint.go:121) get task req: &{wxid_hang3305std122 heba0539517395zx 梦柔}
2017/05/22 12:51:21 DEBUG [controller.(*Logic).GetTask](task_endpoint.go:121) get task req: &{wxid_hang3305std122 heba0539517395zx 梦柔}
2017/05/22 12:51:31 DEBUG [controller.(*Logic).GetTask](task_endpoint.go:121) get task req: &{wxid_hang3305std122 heba0539517395zx 梦柔}
2017/05/22 12:51:41 DEBUG [controller.(*Logic).GetTask](task_endpoint.go:121) get task req: &{wxid_hang3305std122 heba0539517395zx 梦柔}
2017/05/22 12:51:51 DEBUG [controller.(*Logic).GetTask](task_endpoint.go:121) get task req: &{wxid_hang3305std122 heba0539517395zx 梦柔}
2017/05/22 12:52:01 DEBUG [controller.(*Logic).GetTask](task_endpoint.go:121) get task req: &{wxid_hang3305std122 heba0539517395zx 梦柔}
2017/05/22 12:52:11 DEBUG [controller.(*Logic).GetTask](task_endpoint.go:121) get task req: &{wxid_hang3305std122 heba0539517395zx 梦柔}
2017/05/22 12:52:21 DEBUG [controller.(*Logic).GetTask](task_endpoint.go:121) get task req: &{wxid_hang3305std122 heba0539517395zx 梦柔}
2017/05/22 12:52:31 DEBUG [controller.(*Logic).GetTask](task_endpoint.go:121) get task req: &{wxid_hang3305std122 heba0539517395zx 梦柔}
2017/05/22 12:52:41 DEBUG [controller.(*Logic).GetTask](task_endpoint.go:121) get task req: &{wxid_hang3305std122 heba0539517395zx 梦柔}
2017/05/22 12:52:51 DEBUG [controller.(*Logic).GetTask](task_endpoint.go:121) get task req: &{wxid_hang3305std122 heba0539517395zx 梦柔}
2017/05/22 12:53:01 DEBUG [controller.(*Logic).GetTask](task_endpoint.go:121) get task req: &{wxid_hang3305std122 heba0539517395zx 梦柔}
2017/05/22 12:53:11 DEBUG [controller.(*Logic).GetTask](task_endpoint.go:121) get task req: &{wxid_hang3305std122 heba0539517395zx 梦柔}
2017/05/22 12:53:21 DEBUG [controller.(*Logic).GetTask](task_endpoint.go:121) get task req: &{wxid_hang3305std122 heba0539517395zx 梦柔}
2017/05/22 12:53:31 DEBUG [controller.(*Logic).GetTask](task_endpoint.go:121) get task req: &{wxid_hang3305std122 heba0539517395zx 梦柔}
2017/05/22 12:53:41 DEBUG [controller.(*Logic).GetTask](task_endpoint.go:121) get task req: &{wxid_hang3305std122 heba0539517395zx 梦柔}
2017/05/22 12:53:51 DEBUG [controller.(*Logic).GetTask](task_endpoint.go:121) get task req: &{wxid_hang3305std122 heba0539517395zx 梦柔}
2017/05/22 12:54:01 DEBUG [controller.(*Logic).GetTask](task_endpoint.go:121) get task req: &{wxid_hang3305std122 heba0539517395zx 梦柔}
2017/05/22 12:54:11 DEBUG [controller.(*Logic).GetTask](task_endpoint.go:121) get task req: &{wxid_hang3305std122 heba0539517395zx 梦柔}
2017/05/22 12:54:21 DEBUG [controller.(*Logic).GetTask](task_endpoint.go:121) get task req: &{wxid_hang3305std122 heba0539517395zx 梦柔}
2017/05/22 12:54:31 DEBUG [controller.(*Logic).GetTask](task_endpoint.go:121) get task req: &{wxid_hang3305std122 heba0539517395zx 梦柔}
2017/05/22 12:54:41 DEBUG [controller.(*Logic).GetTask](task_endpoint.go:121) get task req: &{wxid_hang3305std122 heba0539517395zx 梦柔}
2017/05/22 12:54:52 DEBUG [controller.(*Logic).GetTask](task_endpoint.go:121) get task req: &{wxid_hang3305std122 heba0539517395zx 梦柔}
2017/05/22 12:55:01 DEBUG [controller.(*Logic).GetTask](task_endpoint.go:121) get task req: &{wxid_hang3305std122 heba0539517395zx 梦柔}
2017/05/22 12:55:11 DEBUG [controller.(*Logic).GetTask](task_endpoint.go:121) get task req: &{wxid_hang3305std122 heba0539517395zx 梦柔}
2017/05/22 12:55:21 DEBUG [controller.(*Logic).GetTask](task_endpoint.go:121) get task req: &{wxid_hang3305std122 heba0539517395zx 梦柔}
2017/05/22 12:55:31 DEBUG [controller.(*Logic).GetTask](task_endpoint.go:121) get task req: &{wxid_hang3305std122 heba0539517395zx 梦柔}
2017/05/22 12:55:41 DEBUG [controller.(*Logic).GetTask](task_endpoint.go:121) get task req: &{wxid_hang3305std122 heba0539517395zx 梦柔}
2017/05/22 12:55:51 DEBUG [controller.(*Logic).GetTask](task_endpoint.go:121) get task req: &{wxid_hang3305std122 heba0539517395zx 梦柔}
2017/05/22 12:56:01 DEBUG [controller.(*Logic).GetTask](task_endpoint.go:121) get task req: &{wxid_hang3305std122 heba0539517395zx 梦柔}
2017/05/22 12:56:11 DEBUG [controller.(*Logic).GetTask](task_endpoint.go:121) get task req: &{wxid_hang3305std122 heba0539517395zx 梦柔}
2017/05/22 12:56:21 DEBUG [controller.(*Logic).GetTask](task_endpoint.go:121) get task req: &{wxid_hang3305std122 heba0539517395zx 梦柔}
2017/05/22 12:56:31 DEBUG [controller.(*Logic).GetTask](task_endpoint.go:121) get task req: &{wxid_hang3305std122 heba0539517395zx 梦柔}
2017/05/22 12:56:41 DEBUG [controller.(*Logic).GetTask](task_endpoint.go:121) get task req: &{wxid_hang3305std122 heba0539517395zx 梦柔}
2017/05/22 12:56:51 DEBUG [controller.(*Logic).GetTask](task_endpoint.go:121) get task req: &{wxid_hang3305std122 heba0539517395zx 梦柔}
2017/05/22 12:57:01 DEBUG [controller.(*Logic).GetTask](task_endpoint.go:121) get task req: &{wxid_hang3305std122 heba0539517395zx 梦柔}
2017/05/22 12:57:11 DEBUG [controller.(*Logic).GetTask](task_endpoint.go:121) get task req: &{wxid_hang3305std122 heba0539517395zx 梦柔}
2017/05/22 12:57:21 DEBUG [controller.(*Logic).GetTask](task_endpoint.go:121) get task req: &{wxid_hang3305std122 heba0539517395zx 梦柔}
2017/05/22 12:57:31 DEBUG [controller.(*Logic).GetTask](task_endpoint.go:121) get task req: &{wxid_hang3305std122 heba0539517395zx 梦柔}
2017/05/22 12:57:41 DEBUG [controller.(*Logic).GetTask](task_endpoint.go:121) get task req: &{wxid_hang3305std122 heba0539517395zx 梦柔}
2017/05/22 12:57:51 DEBUG [controller.(*Logic).GetTask](task_endpoint.go:121) get task req: &{wxid_hang3305std122 heba0539517395zx 梦柔}
2017/05/22 12:58:01 DEBUG [controller.(*Logic).GetTask](task_endpoint.go:121) get task req: &{wxid_hang3305std122 heba0539517395zx 梦柔}
2017/05/22 12:58:11 DEBUG [controller.(*Logic).GetTask](task_endpoint.go:121) get task req: &{wxid_hang3305std122 heba0539517395zx 梦柔}
2017/05/22 12:58:21 DEBUG [controller.(*Logic).GetTask](task_endpoint.go:121) get task req: &{wxid_hang3305std122 heba0539517395zx 梦柔}
2017/05/22 12:58:31 DEBUG [controller.(*Logic).GetTask](task_endpoint.go:121) get task req: &{wxid_hang3305std122 heba0539517395zx 梦柔}
2017/05/22 12:58:41 DEBUG [controller.(*Logic).GetTask](task_endpoint.go:121) get task req: &{wxid_hang3305std122 heba0539517395zx 梦柔}
2017/05/22 12:58:51 DEBUG [controller.(*Logic).GetTask](task_endpoint.go:121) get task req: &{wxid_hang3305std122 heba0539517395zx 梦柔}
2017/05/22 12:59:01 DEBUG [controller.(*Logic).GetTask](task_endpoint.go:121) get task req: &{wxid_hang3305std122 heba0539517395zx 梦柔}
2017/05/22 12:59:11 DEBUG [controller.(*Logic).GetTask](task_endpoint.go:121) get task req: &{wxid_hang3305std122 heba0539517395zx 梦柔}
2017/05/22 12:59:21 DEBUG [controller.(*Logic).GetTask](task_endpoint.go:121) get task req: &{wxid_hang3305std122 heba0539517395zx 梦柔}
2017/05/22 12:59:31 DEBUG [controller.(*Logic).GetTask](task_endpoint.go:121) get task req: &{wxid_hang3305std122 heba0539517395zx 梦柔}
2017/05/22 12:59:41 DEBUG [controller.(*Logic).GetTask](task_endpoint.go:121) get task req: &{wxid_hang3305std122 heba0539517395zx 梦柔}
2017/05/22 12:59:51 DEBUG [controller.(*Logic).GetTask](task_endpoint.go:121) get task req: &{wxid_hang3305std122 heba0539517395zx 梦柔}
2017/05/22 13:00:01 DEBUG [controller.(*Logic).GetTask](task_endpoint.go:121) get task req: &{wxid_hang3305std122 heba0539517395zx 梦柔}
2017/05/22 13:00:11 DEBUG [controller.(*Logic).GetTask](task_endpoint.go:121) get task req: &{wxid_hang3305std122 heba0539517395zx 梦柔}
2017/05/22 13:00:21 DEBUG [controller.(*Logic).GetTask](task_endpoint.go:121) get task req: &{wxid_hang3305std122 heba0539517395zx 梦柔}
2017/05/22 13:00:31 DEBUG [controller.(*Logic).GetTask](task_endpoint.go:121) get task req: &{wxid_hang3305std122 heba0539517395zx 梦柔}
2017/05/22 13:00:41 DEBUG [controller.(*Logic).GetTask](task_endpoint.go:121) get task req: &{wxid_hang3305std122 heba0539517395zx 梦柔}
2017/05/22 13:00:51 DEBUG [controller.(*Logic).GetTask](task_endpoint.go:121) get task req: &{wxid_hang3305std122 heba0539517395zx 梦柔}
2017/05/22 13:01:01 DEBUG [controller.(*Logic).GetTask](task_endpoint.go:121) get task req: &{wxid_hang3305std122 heba0539517395zx 梦柔}
2017/05/22 13:01:11 DEBUG [controller.(*Logic).GetTask](task_endpoint.go:121) get task req: &{wxid_hang3305std122 heba0539517395zx 梦柔}
2017/05/22 13:01:21 DEBUG [controller.(*Logic).GetTask](task_endpoint.go:121) get task req: &{wxid_hang3305std122 heba0539517395zx 梦柔}
2017/05/22 13:01:31 DEBUG [controller.(*Logic).GetTask](task_endpoint.go:121) get task req: &{wxid_hang3305std122 heba0539517395zx 梦柔}
2017/05/22 13:01:41 DEBUG [controller.(*Logic).GetTask](task_endpoint.go:121) get task req: &{wxid_hang3305std122 heba0539517395zx 梦柔}
2017/05/22 13:01:51 DEBUG [controller.(*Logic).GetTask](task_endpoint.go:121) get task req: &{wxid_hang3305std122 heba0539517395zx 梦柔}
2017/05/22 13:02:01 DEBUG [controller.(*Logic).GetTask](task_endpoint.go:121) get task req: &{wxid_hang3305std122 heba0539517395zx 梦柔}
2017/05/22 13:02:11 DEBUG [controller.(*Logic).GetTask](task_endpoint.go:121) get task req: &{wxid_hang3305std122 heba0539517395zx 梦柔}
2017/05/22 13:02:21 DEBUG [controller.(*Logic).GetTask](task_endpoint.go:121) get task req: &{wxid_hang3305std122 heba0539517395zx 梦柔}
2017/05/22 13:02:31 DEBUG [controller.(*Logic).GetTask](task_endpoint.go:121) get task req: &{wxid_hang3305std122 heba0539517395zx 梦柔}
2017/05/22 13:02:41 DEBUG [controller.(*Logic).GetTask](task_endpoint.go:121) get task req: &{wxid_hang3305std122 heba0539517395zx 梦柔}
2017/05/22 13:02:51 DEBUG [controller.(*Logic).GetTask](task_endpoint.go:121) get task req: &{wxid_hang3305std122 heba0539517395zx 梦柔}
2017/05/22 13:03:01 DEBUG [controller.(*Logic).GetTask](task_endpoint.go:121) get task req: &{wxid_hang3305std122 heba0539517395zx 梦柔}
2017/05/22 13:03:11 DEBUG [controller.(*Logic).GetTask](task_endpoint.go:121) get task req: &{wxid_hang3305std122 heba0539517395zx 梦柔}
2017/05/22 13:03:21 DEBUG [controller.(*Logic).GetTask](task_endpoint.go:121) get task req: &{wxid_hang3305std122 heba0539517395zx 梦柔}
2017/05/22 13:03:31 DEBUG [controller.(*Logic).GetTask](task_endpoint.go:121) get task req: &{wxid_hang3305std122 heba0539517395zx 梦柔}
2017/05/22 13:03:41 DEBUG [controller.(*Logic).GetTask](task_endpoint.go:121) get task req: &{wxid_hang3305std122 heba0539517395zx 梦柔}
2017/05/22 13:03:51 DEBUG [controller.(*Logic).GetTask](task_endpoint.go:121) get task req: &{wxid_hang3305std122 heba0539517395zx 梦柔}
2017/05/22 13:04:01 DEBUG [controller.(*Logic).GetTask](task_endpoint.go:121) get task req: &{wxid_hang3305std122 heba0539517395zx 梦柔}
2017/05/22 13:04:11 DEBUG [controller.(*Logic).GetTask](task_endpoint.go:121) get task req: &{wxid_hang3305std122 heba0539517395zx 梦柔}
2017/05/22 13:04:26 DEBUG [controller.(*Logic).GetWeixinSetting](srv_endpoint.go:208) get weixin setting req: &{wxid_hang3305std122 heba0539517395zx 梦柔}
2017/05/22 13:04:35 DEBUG [controller.(*Logic).GetTask](task_endpoint.go:121) get task req: &{wxid_hang3305std122 heba0539517395zx 梦柔}
2017/05/22 13:04:50 DEBUG [controller.(*Logic).GetTask](task_endpoint.go:121) get task req: &{wxid_hang3305std122 heba0539517395zx 梦柔}
2017/05/22 13:05:05 DEBUG [controller.(*Logic).GetTask](task_endpoint.go:121) get task req: &{wxid_hang3305std122 heba0539517395zx 梦柔}
2017/05/22 13:05:05 DEBUG [controller.(*Logic).GetTask](task_endpoint.go:147) default task: {1 3 {"cards":["gh_bf5466bf916c","gh_cb645007fc9e","gh_287980d3b12d"],"interval":3} 1 1495355440 1495355440}
2017/05/22 13:05:20 DEBUG [controller.(*Logic).GetTask](task_endpoint.go:121) get task req: &{wxid_hang3305std122 heba0539517395zx 梦柔}
2017/05/22 13:05:35 DEBUG [controller.(*Logic).GetTask](task_endpoint.go:121) get task req: &{wxid_hang3305std122 heba0539517395zx 梦柔}
2017/05/22 13:05:50 DEBUG [controller.(*Logic).GetTask](task_endpoint.go:121) get task req: &{wxid_hang3305std122 heba0539517395zx 梦柔}
2017/05/22 13:06:05 DEBUG [controller.(*Logic).GetTask](task_endpoint.go:121) get task req: &{wxid_hang3305std122 heba0539517395zx 梦柔}
2017/05/22 13:06:20 DEBUG [controller.(*Logic).GetTask](task_endpoint.go:121) get task req: &{wxid_hang3305std122 heba0539517395zx 梦柔}
2017/05/22 13:06:35 DEBUG [controller.(*Logic).GetTask](task_endpoint.go:121) get task req: &{wxid_hang3305std122 heba0539517395zx 梦柔}
2017/05/22 13:06:50 DEBUG [controller.(*Logic).GetTask](task_endpoint.go:121) get task req: &{wxid_hang3305std122 heba0539517395zx 梦柔}
2017/05/22 13:07:05 DEBUG [controller.(*Logic).GetTask](task_endpoint.go:121) get task req: &{wxid_hang3305std122 heba0539517395zx 梦柔}
2017/05/22 13:07:20 DEBUG [controller.(*Logic).GetTask](task_endpoint.go:121) get task req: &{wxid_hang3305std122 heba0539517395zx 梦柔}
2017/05/22 13:07:27 DEBUG [controller.(*Logic).GetWeixinSetting](srv_endpoint.go:208) get weixin setting req: &{wxid_hang3305std122 heba0539517395zx 梦柔}
2017/05/22 13:07:41 DEBUG [controller.(*Logic).GetTask](task_endpoint.go:121) get task req: &{wxid_hang3305std122 heba0539517395zx 梦柔}
2017/05/22 13:07:41 DEBUG [controller.(*Logic).GetTask](task_endpoint.go:147) default task: {1 3 {"cards":["gh_bf5466bf916c","gh_cb645007fc9e","gh_287980d3b12d"],"interval":3} 1 1495355440 1495355440}
2017/05/22 13:07:56 DEBUG [controller.(*Logic).GetTask](task_endpoint.go:121) get task req: &{wxid_hang3305std122 heba0539517395zx 梦柔}
2017/05/22 13:08:11 DEBUG [controller.(*Logic).GetTask](task_endpoint.go:121) get task req: &{wxid_hang3305std122 heba0539517395zx 梦柔}
2017/05/22 13:08:26 DEBUG [controller.(*Logic).GetTask](task_endpoint.go:121) get task req: &{wxid_hang3305std122 heba0539517395zx 梦柔}
2017/05/22 13:08:41 DEBUG [controller.(*Logic).GetTask](task_endpoint.go:121) get task req: &{wxid_hang3305std122 heba0539517395zx 梦柔}
2017/05/22 13:08:56 DEBUG [controller.(*Logic).GetTask](task_endpoint.go:121) get task req: &{wxid_hang3305std122 heba0539517395zx 梦柔}
2017/05/22 13:09:11 DEBUG [controller.(*Logic).GetTask](task_endpoint.go:121) get task req: &{wxid_hang3305std122 heba0539517395zx 梦柔}
2017/05/22 13:09:26 DEBUG [controller.(*Logic).GetTask](task_endpoint.go:121) get task req: &{wxid_hang3305std122 heba0539517395zx 梦柔}
2017/05/22 13:09:41 DEBUG [controller.(*Logic).GetTask](task_endpoint.go:121) get task req: &{wxid_hang3305std122 heba0539517395zx 梦柔}
2017/05/22 13:09:56 DEBUG [controller.(*Logic).GetTask](task_endpoint.go:121) get task req: &{wxid_hang3305std122 heba0539517395zx 梦柔}
2017/05/22 13:10:11 DEBUG [controller.(*Logic).GetTask](task_endpoint.go:121) get task req: &{wxid_hang3305std122 heba0539517395zx 梦柔}
2017/05/22 13:10:26 DEBUG [controller.(*Logic).GetTask](task_endpoint.go:121) get task req: &{wxid_hang3305std122 heba0539517395zx 梦柔}
2017/05/22 13:10:41 DEBUG [controller.(*Logic).GetTask](task_endpoint.go:121) get task req: &{wxid_hang3305std122 heba0539517395zx 梦柔}
2017/05/22 13:10:56 DEBUG [controller.(*Logic).GetTask](task_endpoint.go:121) get task req: &{wxid_hang3305std122 heba0539517395zx 梦柔}
2017/05/22 13:11:11 DEBUG [controller.(*Logic).GetTask](task_endpoint.go:121) get task req: &{wxid_hang3305std122 heba0539517395zx 梦柔}
2017/05/22 13:11:26 DEBUG [controller.(*Logic).GetTask](task_endpoint.go:121) get task req: &{wxid_hang3305std122 heba0539517395zx 梦柔}
2017/05/22 13:11:41 DEBUG [controller.(*Logic).GetTask](task_endpoint.go:121) get task req: &{wxid_hang3305std122 heba0539517395zx 梦柔}
2017/05/22 13:11:56 DEBUG [controller.(*Logic).GetTask](task_endpoint.go:121) get task req: &{wxid_hang3305std122 heba0539517395zx 梦柔}
2017/05/22 13:12:11 DEBUG [controller.(*Logic).GetTask](task_endpoint.go:121) get task req: &{wxid_hang3305std122 heba0539517395zx 梦柔}
2017/05/22 13:12:26 DEBUG [controller.(*Logic).GetTask](task_endpoint.go:121) get task req: &{wxid_hang3305std122 heba0539517395zx 梦柔}
2017/05/22 13:12:43 DEBUG [controller.(*Logic).GetWeixinSetting](srv_endpoint.go:208) get weixin setting req: &{wxid_hang3305std122 heba0539517395zx 梦柔}
2017/05/22 13:12:58 DEBUG [controller.(*Logic).GetTask](task_endpoint.go:121) get task req: &{wxid_hang3305std122 heba0539517395zx 梦柔}
2017/05/22 13:12:58 DEBUG [controller.(*Logic).GetTask](task_endpoint.go:147) default task: {1 3 {"cards":["gh_bf5466bf916c","gh_cb645007fc9e","gh_287980d3b12d"],"interval":3} 1 1495355440 1495355440}
2017/05/22 13:13:13 DEBUG [controller.(*Logic).GetTask](task_endpoint.go:121) get task req: &{wxid_hang3305std122 heba0539517395zx 梦柔}
2017/05/22 13:13:28 DEBUG [controller.(*Logic).GetTask](task_endpoint.go:121) get task req: &{wxid_hang3305std122 heba0539517395zx 梦柔}
2017/05/22 13:13:43 DEBUG [controller.(*Logic).GetTask](task_endpoint.go:121) get task req: &{wxid_hang3305std122 heba0539517395zx 梦柔}
2017/05/22 13:13:58 DEBUG [controller.(*Logic).GetTask](task_endpoint.go:121) get task req: &{wxid_hang3305std122 heba0539517395zx 梦柔}
2017/05/22 13:14:13 DEBUG [controller.(*Logic).GetTask](task_endpoint.go:121) get task req: &{wxid_hang3305std122 heba0539517395zx 梦柔}
2017/05/22 13:14:28 DEBUG [controller.(*Logic).GetTask](task_endpoint.go:121) get task req: &{wxid_hang3305std122 heba0539517395zx 梦柔}
2017/05/22 13:14:43 DEBUG [controller.(*Logic).GetTask](task_endpoint.go:121) get task req: &{wxid_hang3305std122 heba0539517395zx 梦柔}
2017/05/22 13:14:58 DEBUG [controller.(*Logic).GetTask](task_endpoint.go:121) get task req: &{wxid_hang3305std122 heba0539517395zx 梦柔}
2017/05/22 13:15:13 DEBUG [controller.(*Logic).GetTask](task_endpoint.go:121) get task req: &{wxid_hang3305std122 heba0539517395zx 梦柔}
2017/05/22 13:15:28 DEBUG [controller.(*Logic).GetTask](task_endpoint.go:121) get task req: &{wxid_hang3305std122 heba0539517395zx 梦柔}
2017/05/22 13:15:43 DEBUG [controller.(*Logic).GetTask](task_endpoint.go:121) get task req: &{wxid_hang3305std122 heba0539517395zx 梦柔}
2017/05/22 13:15:58 DEBUG [controller.(*Logic).GetTask](task_endpoint.go:121) get task req: &{wxid_hang3305std122 heba0539517395zx 梦柔}
2017/05/22 13:16:13 DEBUG [controller.(*Logic).GetTask](task_endpoint.go:121) get task req: &{wxid_hang3305std122 heba0539517395zx 梦柔}
2017/05/22 13:16:28 DEBUG [controller.(*Logic).GetTask](task_endpoint.go:121) get task req: &{wxid_hang3305std122 heba0539517395zx 梦柔}
2017/05/22 13:16:43 DEBUG [controller.(*Logic).GetTask](task_endpoint.go:121) get task req: &{wxid_hang3305std122 heba0539517395zx 梦柔}
2017/05/22 13:16:58 DEBUG [controller.(*Logic).GetTask](task_endpoint.go:121) get task req: &{wxid_hang3305std122 heba0539517395zx 梦柔}
2017/05/22 13:17:13 DEBUG [controller.(*Logic).GetTask](task_endpoint.go:121) get task req: &{wxid_hang3305std122 heba0539517395zx 梦柔}
2017/05/22 13:17:28 DEBUG [controller.(*Logic).GetTask](task_endpoint.go:121) get task req: &{wxid_hang3305std122 heba0539517395zx 梦柔}
2017/05/22 13:17:43 DEBUG [controller.(*Logic).GetTask](task_endpoint.go:121) get task req: &{wxid_hang3305std122 heba0539517395zx 梦柔}
2017/05/22 13:17:58 DEBUG [controller.(*Logic).GetTask](task_endpoint.go:121) get task req: &{wxid_hang3305std122 heba0539517395zx 梦柔}
2017/05/22 13:18:13 DEBUG [controller.(*Logic).GetTask](task_endpoint.go:121) get task req: &{wxid_hang3305std122 heba0539517395zx 梦柔}
2017/05/22 13:18:28 DEBUG [controller.(*Logic).GetTask](task_endpoint.go:121) get task req: &{wxid_hang3305std122 heba0539517395zx 梦柔}
2017/05/22 13:18:43 DEBUG [controller.(*Logic).GetTask](task_endpoint.go:121) get task req: &{wxid_hang3305std122 heba0539517395zx 梦柔}
2017/05/22 13:18:58 DEBUG [controller.(*Logic).GetTask](task_endpoint.go:121) get task req: &{wxid_hang3305std122 heba0539517395zx 梦柔}
2017/05/22 13:19:13 DEBUG [controller.(*Logic).GetTask](task_endpoint.go:121) get task req: &{wxid_hang3305std122 heba0539517395zx 梦柔}
2017/05/22 13:19:28 DEBUG [controller.(*Logic).GetTask](task_endpoint.go:121) get task req: &{wxid_hang3305std122 heba0539517395zx 梦柔}
2017/05/22 13:19:43 DEBUG [controller.(*Logic).GetTask](task_endpoint.go:121) get task req: &{wxid_hang3305std122 heba0539517395zx 梦柔}
2017/05/22 13:19:58 DEBUG [controller.(*Logic).GetTask](task_endpoint.go:121) get task req: &{wxid_hang3305std122 heba0539517395zx 梦柔}
2017/05/22 13:20:13 DEBUG [controller.(*Logic).GetTask](task_endpoint.go:121) get task req: &{wxid_hang3305std122 heba0539517395zx 梦柔}
2017/05/22 13:20:28 DEBUG [controller.(*Logic).GetTask](task_endpoint.go:121) get task req: &{wxid_hang3305std122 heba0539517395zx 梦柔}
2017/05/22 13:20:43 DEBUG [controller.(*Logic).GetTask](task_endpoint.go:121) get task req: &{wxid_hang3305std122 heba0539517395zx 梦柔}
2017/05/22 13:20:58 DEBUG [controller.(*Logic).GetTask](task_endpoint.go:121) get task req: &{wxid_hang3305std122 heba0539517395zx 梦柔}
2017/05/22 13:21:13 DEBUG [controller.(*Logic).GetTask](task_endpoint.go:121) get task req: &{wxid_hang3305std122 heba0539517395zx 梦柔}
2017/05/22 13:21:28 DEBUG [controller.(*Logic).GetTask](task_endpoint.go:121) get task req: &{wxid_hang3305std122 heba0539517395zx 梦柔}
2017/05/22 13:21:43 DEBUG [controller.(*Logic).GetTask](task_endpoint.go:121) get task req: &{wxid_hang3305std122 heba0539517395zx 梦柔}
2017/05/22 13:21:58 DEBUG [controller.(*Logic).GetTask](task_endpoint.go:121) get task req: &{wxid_hang3305std122 heba0539517395zx 梦柔}
2017/05/22 13:22:13 DEBUG [controller.(*Logic).GetTask](task_endpoint.go:121) get task req: &{wxid_hang3305std122 heba0539517395zx 梦柔}
2017/05/22 13:22:28 DEBUG [controller.(*Logic).GetTask](task_endpoint.go:121) get task req: &{wxid_hang3305std122 heba0539517395zx 梦柔}
2017/05/22 13:22:43 DEBUG [controller.(*Logic).GetTask](task_endpoint.go:121) get task req: &{wxid_hang3305std122 heba0539517395zx 梦柔}
2017/05/22 13:22:58 DEBUG [controller.(*Logic).GetTask](task_endpoint.go:121) get task req: &{wxid_hang3305std122 heba0539517395zx 梦柔}
2017/05/22 13:23:13 DEBUG [controller.(*Logic).GetTask](task_endpoint.go:121) get task req: &{wxid_hang3305std122 heba0539517395zx 梦柔}
2017/05/22 13:23:28 DEBUG [controller.(*Logic).GetTask](task_endpoint.go:121) get task req: &{wxid_hang3305std122 heba0539517395zx 梦柔}
2017/05/22 13:23:43 DEBUG [controller.(*Logic).GetTask](task_endpoint.go:121) get task req: &{wxid_hang3305std122 heba0539517395zx 梦柔}
2017/05/22 13:23:58 DEBUG [controller.(*Logic).GetTask](task_endpoint.go:121) get task req: &{wxid_hang3305std122 heba0539517395zx 梦柔}
2017/05/22 13:24:13 DEBUG [controller.(*Logic).GetTask](task_endpoint.go:121) get task req: &{wxid_hang3305std122 heba0539517395zx 梦柔}
2017/05/22 13:24:28 DEBUG [controller.(*Logic).GetTask](task_endpoint.go:121) get task req: &{wxid_hang3305std122 heba0539517395zx 梦柔}
2017/05/22 13:24:43 DEBUG [controller.(*Logic).GetTask](task_endpoint.go:121) get task req: &{wxid_hang3305std122 heba0539517395zx 梦柔}
2017/05/22 13:24:58 DEBUG [controller.(*Logic).GetTask](task_endpoint.go:121) get task req: &{wxid_hang3305std122 heba0539517395zx 梦柔}
2017/05/22 13:25:13 DEBUG [controller.(*Logic).GetTask](task_endpoint.go:121) get task req: &{wxid_hang3305std122 heba0539517395zx 梦柔}
2017/05/22 13:25:28 DEBUG [controller.(*Logic).GetTask](task_endpoint.go:121) get task req: &{wxid_hang3305std122 heba0539517395zx 梦柔}
2017/05/22 13:25:43 DEBUG [controller.(*Logic).GetTask](task_endpoint.go:121) get task req: &{wxid_hang3305std122 heba0539517395zx 梦柔}
2017/05/22 13:25:58 DEBUG [controller.(*Logic).GetTask](task_endpoint.go:121) get task req: &{wxid_hang3305std122 heba0539517395zx 梦柔}
2017/05/22 13:26:13 DEBUG [controller.(*Logic).GetTask](task_endpoint.go:121) get task req: &{wxid_hang3305std122 heba0539517395zx 梦柔}
2017/05/22 13:26:28 DEBUG [controller.(*Logic).GetTask](task_endpoint.go:121) get task req: &{wxid_hang3305std122 heba0539517395zx 梦柔}
2017/05/22 13:26:43 DEBUG [controller.(*Logic).GetTask](task_endpoint.go:121) get task req: &{wxid_hang3305std122 heba0539517395zx 梦柔}
2017/05/22 13:26:58 DEBUG [controller.(*Logic).GetTask](task_endpoint.go:121) get task req: &{wxid_hang3305std122 heba0539517395zx 梦柔}
2017/05/22 13:27:13 DEBUG [controller.(*Logic).GetTask](task_endpoint.go:121) get task req: &{wxid_hang3305std122 heba0539517395zx 梦柔}
2017/05/22 13:27:28 DEBUG [controller.(*Logic).GetTask](task_endpoint.go:121) get task req: &{wxid_hang3305std122 heba0539517395zx 梦柔}
2017/05/22 13:27:43 DEBUG [controller.(*Logic).GetTask](task_endpoint.go:121) get task req: &{wxid_hang3305std122 heba0539517395zx 梦柔}
2017/05/22 13:27:58 DEBUG [controller.(*Logic).GetTask](task_endpoint.go:121) get task req: &{wxid_hang3305std122 heba0539517395zx 梦柔}
2017/05/22 13:28:13 DEBUG [controller.(*Logic).GetTask](task_endpoint.go:121) get task req: &{wxid_hang3305std122 heba0539517395zx 梦柔}
2017/05/22 13:28:28 DEBUG [controller.(*Logic).GetTask](task_endpoint.go:121) get task req: &{wxid_hang3305std122 heba0539517395zx 梦柔}
2017/05/22 13:28:43 DEBUG [controller.(*Logic).GetTask](task_endpoint.go:121) get task req: &{wxid_hang3305std122 heba0539517395zx 梦柔}
2017/05/22 13:28:58 DEBUG [controller.(*Logic).GetTask](task_endpoint.go:121) get task req: &{wxid_hang3305std122 heba0539517395zx 梦柔}
2017/05/22 13:29:13 DEBUG [controller.(*Logic).GetTask](task_endpoint.go:121) get task req: &{wxid_hang3305std122 heba0539517395zx 梦柔}
2017/05/22 13:29:28 DEBUG [controller.(*Logic).GetTask](task_endpoint.go:121) get task req: &{wxid_hang3305std122 heba0539517395zx 梦柔}
2017/05/22 13:29:43 DEBUG [controller.(*Logic).GetTask](task_endpoint.go:121) get task req: &{wxid_hang3305std122 heba0539517395zx 梦柔}
2017/05/22 13:29:58 DEBUG [controller.(*Logic).GetTask](task_endpoint.go:121) get task req: &{wxid_hang3305std122 heba0539517395zx 梦柔}
2017/05/22 13:30:13 DEBUG [controller.(*Logic).GetTask](task_endpoint.go:121) get task req: &{wxid_hang3305std122 heba0539517395zx 梦柔}
2017/05/22 13:30:28 DEBUG [controller.(*Logic).GetTask](task_endpoint.go:121) get task req: &{wxid_hang3305std122 heba0539517395zx 梦柔}
2017/05/22 13:30:43 DEBUG [controller.(*Logic).GetTask](task_endpoint.go:121) get task req: &{wxid_hang3305std122 heba0539517395zx 梦柔}
2017/05/22 13:30:58 DEBUG [controller.(*Logic).GetTask](task_endpoint.go:121) get task req: &{wxid_hang3305std122 heba0539517395zx 梦柔}
2017/05/22 13:31:13 DEBUG [controller.(*Logic).GetTask](task_endpoint.go:121) get task req: &{wxid_hang3305std122 heba0539517395zx 梦柔}
2017/05/22 13:31:28 DEBUG [controller.(*Logic).GetTask](task_endpoint.go:121) get task req: &{wxid_hang3305std122 heba0539517395zx 梦柔}
2017/05/22 13:31:43 DEBUG [controller.(*Logic).GetTask](task_endpoint.go:121) get task req: &{wxid_hang3305std122 heba0539517395zx 梦柔}
2017/05/22 13:31:58 DEBUG [controller.(*Logic).GetTask](task_endpoint.go:121) get task req: &{wxid_hang3305std122 heba0539517395zx 梦柔}
2017/05/22 13:32:13 DEBUG [controller.(*Logic).GetTask](task_endpoint.go:121) get task req: &{wxid_hang3305std122 heba0539517395zx 梦柔}
2017/05/22 13:32:28 DEBUG [controller.(*Logic).GetTask](task_endpoint.go:121) get task req: &{wxid_hang3305std122 heba0539517395zx 梦柔}
2017/05/22 13:32:43 DEBUG [controller.(*Logic).GetTask](task_endpoint.go:121) get task req: &{wxid_hang3305std122 heba0539517395zx 梦柔}
2017/05/22 13:32:58 DEBUG [controller.(*Logic).GetTask](task_endpoint.go:121) get task req: &{wxid_hang3305std122 heba0539517395zx 梦柔}
2017/05/22 13:33:13 DEBUG [controller.(*Logic).GetWeixinSetting](srv_endpoint.go:208) get weixin setting req: &{wxid_hang3305std122 heba0539517395zx 梦柔}
2017/05/22 13:33:27 DEBUG [controller.(*Logic).GetTask](task_endpoint.go:121) get task req: &{wxid_hang3305std122 heba0539517395zx 梦柔}
2017/05/22 13:33:42 DEBUG [controller.(*Logic).GetTask](task_endpoint.go:121) get task req: &{wxid_hang3305std122 heba0539517395zx 梦柔}
2017/05/22 13:33:57 DEBUG [controller.(*Logic).GetTask](task_endpoint.go:121) get task req: &{wxid_hang3305std122 heba0539517395zx 梦柔}
2017/05/22 13:34:12 DEBUG [controller.(*Logic).GetTask](task_endpoint.go:121) get task req: &{wxid_hang3305std122 heba0539517395zx 梦柔}
2017/05/22 13:34:27 DEBUG [controller.(*Logic).GetTask](task_endpoint.go:121) get task req: &{wxid_hang3305std122 heba0539517395zx 梦柔}
2017/05/22 13:34:42 DEBUG [controller.(*Logic).GetTask](task_endpoint.go:121) get task req: &{wxid_hang3305std122 heba0539517395zx 梦柔}
2017/05/22 13:34:57 DEBUG [controller.(*Logic).GetTask](task_endpoint.go:121) get task req: &{wxid_hang3305std122 heba0539517395zx 梦柔}
2017/05/22 13:35:12 DEBUG [controller.(*Logic).GetTask](task_endpoint.go:121) get task req: &{wxid_hang3305std122 heba0539517395zx 梦柔}
2017/05/22 13:35:27 DEBUG [controller.(*Logic).GetTask](task_endpoint.go:121) get task req: &{wxid_hang3305std122 heba0539517395zx 梦柔}
2017/05/22 13:35:42 DEBUG [controller.(*Logic).GetTask](task_endpoint.go:121) get task req: &{wxid_hang3305std122 heba0539517395zx 梦柔}
2017/05/22 13:35:57 DEBUG [controller.(*Logic).GetTask](task_endpoint.go:121) get task req: &{wxid_hang3305std122 heba0539517395zx 梦柔}
2017/05/22 13:36:12 DEBUG [controller.(*Logic).GetTask](task_endpoint.go:121) get task req: &{wxid_hang3305std122 heba0539517395zx 梦柔}
2017/05/22 13:36:27 DEBUG [controller.(*Logic).GetTask](task_endpoint.go:121) get task req: &{wxid_hang3305std122 heba0539517395zx 梦柔}
2017/05/22 13:36:42 DEBUG [controller.(*Logic).GetTask](task_endpoint.go:121) get task req: &{wxid_hang3305std122 heba0539517395zx 梦柔}
2017/05/22 13:36:57 DEBUG [controller.(*Logic).GetTask](task_endpoint.go:121) get task req: &{wxid_hang3305std122 heba0539517395zx 梦柔}
2017/05/22 13:37:12 DEBUG [controller.(*Logic).GetTask](task_endpoint.go:121) get task req: &{wxid_hang3305std122 heba0539517395zx 梦柔}
2017/05/22 13:37:27 DEBUG [controller.(*Logic).GetTask](task_endpoint.go:121) get task req: &{wxid_hang3305std122 heba0539517395zx 梦柔}
2017/05/22 13:37:42 DEBUG [controller.(*Logic).GetTask](task_endpoint.go:121) get task req: &{wxid_hang3305std122 heba0539517395zx 梦柔}
2017/05/22 13:37:57 DEBUG [controller.(*Logic).GetTask](task_endpoint.go:121) get task req: &{wxid_hang3305std122 heba0539517395zx 梦柔}
2017/05/22 13:38:12 DEBUG [controller.(*Logic).GetTask](task_endpoint.go:121) get task req: &{wxid_hang3305std122 heba0539517395zx 梦柔}
2017/05/22 13:38:27 DEBUG [controller.(*Logic).GetTask](task_endpoint.go:121) get task req: &{wxid_hang3305std122 heba0539517395zx 梦柔}
2017/05/22 13:38:42 DEBUG [controller.(*Logic).GetTask](task_endpoint.go:121) get task req: &{wxid_hang3305std122 heba0539517395zx 梦柔}
2017/05/22 13:38:57 DEBUG [controller.(*Logic).GetTask](task_endpoint.go:121) get task req: &{wxid_hang3305std122 heba0539517395zx 梦柔}
2017/05/22 13:39:12 DEBUG [controller.(*Logic).GetTask](task_endpoint.go:121) get task req: &{wxid_hang3305std122 heba0539517395zx 梦柔}
2017/05/22 13:39:27 DEBUG [controller.(*Logic).GetTask](task_endpoint.go:121) get task req: &{wxid_hang3305std122 heba0539517395zx 梦柔}
2017/05/22 13:39:42 DEBUG [controller.(*Logic).GetTask](task_endpoint.go:121) get task req: &{wxid_hang3305std122 heba0539517395zx 梦柔}
2017/05/22 13:39:57 DEBUG [controller.(*Logic).GetTask](task_endpoint.go:121) get task req: &{wxid_hang3305std122 heba0539517395zx 梦柔}
2017/05/22 13:40:12 DEBUG [controller.(*Logic).GetTask](task_endpoint.go:121) get task req: &{wxid_hang3305std122 heba0539517395zx 梦柔}
2017/05/22 13:40:27 DEBUG [controller.(*Logic).GetTask](task_endpoint.go:121) get task req: &{wxid_hang3305std122 heba0539517395zx 梦柔}
2017/05/22 13:40:42 DEBUG [controller.(*Logic).GetTask](task_endpoint.go:121) get task req: &{wxid_hang3305std122 heba0539517395zx 梦柔}
2017/05/22 13:40:57 DEBUG [controller.(*Logic).GetTask](task_endpoint.go:121) get task req: &{wxid_hang3305std122 heba0539517395zx 梦柔}
2017/05/22 13:41:12 DEBUG [controller.(*Logic).GetTask](task_endpoint.go:121) get task req: &{wxid_hang3305std122 heba0539517395zx 梦柔}
2017/05/22 13:41:27 DEBUG [controller.(*Logic).GetTask](task_endpoint.go:121) get task req: &{wxid_hang3305std122 heba0539517395zx 梦柔}
2017/05/22 13:41:42 DEBUG [controller.(*Logic).GetTask](task_endpoint.go:121) get task req: &{wxid_hang3305std122 heba0539517395zx 梦柔}
2017/05/22 13:41:57 DEBUG [controller.(*Logic).GetTask](task_endpoint.go:121) get task req: &{wxid_hang3305std122 heba0539517395zx 梦柔}
2017/05/22 13:42:12 DEBUG [controller.(*Logic).GetTask](task_endpoint.go:121) get task req: &{wxid_hang3305std122 heba0539517395zx 梦柔}
2017/05/22 13:42:27 DEBUG [controller.(*Logic).GetTask](task_endpoint.go:121) get task req: &{wxid_hang3305std122 heba0539517395zx 梦柔}
2017/05/22 13:42:42 DEBUG [controller.(*Logic).GetTask](task_endpoint.go:121) get task req: &{wxid_hang3305std122 heba0539517395zx 梦柔}
2017/05/22 13:42:57 DEBUG [controller.(*Logic).GetTask](task_endpoint.go:121) get task req: &{wxid_hang3305std122 heba0539517395zx 梦柔}
2017/05/22 13:43:12 DEBUG [controller.(*Logic).GetTask](task_endpoint.go:121) get task req: &{wxid_hang3305std122 heba0539517395zx 梦柔}
2017/05/22 13:43:27 DEBUG [controller.(*Logic).GetTask](task_endpoint.go:121) get task req: &{wxid_hang3305std122 heba0539517395zx 梦柔}
2017/05/22 13:43:42 DEBUG [controller.(*Logic).GetTask](task_endpoint.go:121) get task req: &{wxid_hang3305std122 heba0539517395zx 梦柔}
2017/05/22 13:43:57 DEBUG [controller.(*Logic).GetTask](task_endpoint.go:121) get task req: &{wxid_hang3305std122 heba0539517395zx 梦柔}
2017/05/22 13:44:12 DEBUG [controller.(*Logic).GetTask](task_endpoint.go:121) get task req: &{wxid_hang3305std122 heba0539517395zx 梦柔}
2017/05/22 13:44:27 DEBUG [controller.(*Logic).GetTask](task_endpoint.go:121) get task req: &{wxid_hang3305std122 heba0539517395zx 梦柔}
2017/05/22 13:44:42 DEBUG [controller.(*Logic).GetTask](task_endpoint.go:121) get task req: &{wxid_hang3305std122 heba0539517395zx 梦柔}
2017/05/22 13:44:57 DEBUG [controller.(*Logic).GetTask](task_endpoint.go:121) get task req: &{wxid_hang3305std122 heba0539517395zx 梦柔}
2017/05/22 13:45:12 DEBUG [controller.(*Logic).GetTask](task_endpoint.go:121) get task req: &{wxid_hang3305std122 heba0539517395zx 梦柔}
2017/05/22 13:45:27 DEBUG [controller.(*Logic).GetTask](task_endpoint.go:121) get task req: &{wxid_hang3305std122 heba0539517395zx 梦柔}
2017/05/22 13:45:42 DEBUG [controller.(*Logic).GetTask](task_endpoint.go:121) get task req: &{wxid_hang3305std122 heba0539517395zx 梦柔}
2017/05/22 13:45:57 DEBUG [controller.(*Logic).GetTask](task_endpoint.go:121) get task req: &{wxid_hang3305std122 heba0539517395zx 梦柔}
2017/05/22 13:46:12 DEBUG [controller.(*Logic).GetTask](task_endpoint.go:121) get task req: &{wxid_hang3305std122 heba0539517395zx 梦柔}
2017/05/22 13:46:27 DEBUG [controller.(*Logic).GetTask](task_endpoint.go:121) get task req: &{wxid_hang3305std122 heba0539517395zx 梦柔}
2017/05/22 13:46:42 DEBUG [controller.(*Logic).GetTask](task_endpoint.go:121) get task req: &{wxid_hang3305std122 heba0539517395zx 梦柔}
2017/05/22 13:46:57 DEBUG [controller.(*Logic).GetTask](task_endpoint.go:121) get task req: &{wxid_hang3305std122 heba0539517395zx 梦柔}
2017/05/22 13:47:12 DEBUG [controller.(*Logic).GetTask](task_endpoint.go:121) get task req: &{wxid_hang3305std122 heba0539517395zx 梦柔}
2017/05/22 13:47:27 DEBUG [controller.(*Logic).GetTask](task_endpoint.go:121) get task req: &{wxid_hang3305std122 heba0539517395zx 梦柔}
2017/05/22 13:47:42 DEBUG [controller.(*Logic).GetTask](task_endpoint.go:121) get task req: &{wxid_hang3305std122 heba0539517395zx 梦柔}
2017/05/22 13:47:57 DEBUG [controller.(*Logic).GetTask](task_endpoint.go:121) get task req: &{wxid_hang3305std122 heba0539517395zx 梦柔}
2017/05/22 13:48:12 DEBUG [controller.(*Logic).GetTask](task_endpoint.go:121) get task req: &{wxid_hang3305std122 heba0539517395zx 梦柔}
2017/05/22 13:48:27 DEBUG [controller.(*Logic).GetTask](task_endpoint.go:121) get task req: &{wxid_hang3305std122 heba0539517395zx 梦柔}
2017/05/22 13:48:42 DEBUG [controller.(*Logic).GetTask](task_endpoint.go:121) get task req: &{wxid_hang3305std122 heba0539517395zx 梦柔}
2017/05/22 13:48:57 DEBUG [controller.(*Logic).GetTask](task_endpoint.go:121) get task req: &{wxid_hang3305std122 heba0539517395zx 梦柔}
2017/05/22 13:49:12 DEBUG [controller.(*Logic).GetTask](task_endpoint.go:121) get task req: &{wxid_hang3305std122 heba0539517395zx 梦柔}
2017/05/22 13:49:27 DEBUG [controller.(*Logic).GetTask](task_endpoint.go:121) get task req: &{wxid_hang3305std122 heba0539517395zx 梦柔}
2017/05/22 13:49:42 DEBUG [controller.(*Logic).GetTask](task_endpoint.go:121) get task req: &{wxid_hang3305std122 heba0539517395zx 梦柔}
2017/05/22 13:49:57 DEBUG [controller.(*Logic).GetTask](task_endpoint.go:121) get task req: &{wxid_hang3305std122 heba0539517395zx 梦柔}
2017/05/22 13:50:12 DEBUG [controller.(*Logic).GetTask](task_endpoint.go:121) get task req: &{wxid_hang3305std122 heba0539517395zx 梦柔}
2017/05/22 13:50:27 DEBUG [controller.(*Logic).GetTask](task_endpoint.go:121) get task req: &{wxid_hang3305std122 heba0539517395zx 梦柔}
2017/05/22 13:50:42 DEBUG [controller.(*Logic).GetTask](task_endpoint.go:121) get task req: &{wxid_hang3305std122 heba0539517395zx 梦柔}
2017/05/22 13:50:57 DEBUG [controller.(*Logic).GetTask](task_endpoint.go:121) get task req: &{wxid_hang3305std122 heba0539517395zx 梦柔}
2017/05/22 13:51:12 DEBUG [controller.(*Logic).GetTask](task_endpoint.go:121) get task req: &{wxid_hang3305std122 heba0539517395zx 梦柔}
2017/05/22 13:51:27 DEBUG [controller.(*Logic).GetTask](task_endpoint.go:121) get task req: &{wxid_hang3305std122 heba0539517395zx 梦柔}
2017/05/22 13:51:42 DEBUG [controller.(*Logic).GetTask](task_endpoint.go:121) get task req: &{wxid_hang3305std122 heba0539517395zx 梦柔}
2017/05/22 13:51:57 DEBUG [controller.(*Logic).GetTask](task_endpoint.go:121) get task req: &{wxid_hang3305std122 heba0539517395zx 梦柔}
2017/05/22 13:52:12 DEBUG [controller.(*Logic).GetTask](task_endpoint.go:121) get task req: &{wxid_hang3305std122 heba0539517395zx 梦柔}
2017/05/22 13:52:27 DEBUG [controller.(*Logic).GetTask](task_endpoint.go:121) get task req: &{wxid_hang3305std122 heba0539517395zx 梦柔}
2017/05/22 13:52:42 DEBUG [controller.(*Logic).GetTask](task_endpoint.go:121) get task req: &{wxid_hang3305std122 heba0539517395zx 梦柔}
2017/05/22 13:52:57 DEBUG [controller.(*Logic).GetTask](task_endpoint.go:121) get task req: &{wxid_hang3305std122 heba0539517395zx 梦柔}
2017/05/22 13:53:12 DEBUG [controller.(*Logic).GetTask](task_endpoint.go:121) get task req: &{wxid_hang3305std122 heba0539517395zx 梦柔}
2017/05/22 13:53:27 DEBUG [controller.(*Logic).GetTask](task_endpoint.go:121) get task req: &{wxid_hang3305std122 heba0539517395zx 梦柔}
2017/05/22 13:53:42 DEBUG [controller.(*Logic).GetTask](task_endpoint.go:121) get task req: &{wxid_hang3305std122 heba0539517395zx 梦柔}
2017/05/22 13:53:57 DEBUG [controller.(*Logic).GetTask](task_endpoint.go:121) get task req: &{wxid_hang3305std122 heba0539517395zx 梦柔}
2017/05/22 13:54:12 DEBUG [controller.(*Logic).GetTask](task_endpoint.go:121) get task req: &{wxid_hang3305std122 heba0539517395zx 梦柔}
2017/05/22 13:54:27 DEBUG [controller.(*Logic).GetTask](task_endpoint.go:121) get task req: &{wxid_hang3305std122 heba0539517395zx 梦柔}
2017/05/22 13:54:42 DEBUG [controller.(*Logic).GetTask](task_endpoint.go:121) get task req: &{wxid_hang3305std122 heba0539517395zx 梦柔}
2017/05/22 13:54:57 DEBUG [controller.(*Logic).GetTask](task_endpoint.go:121) get task req: &{wxid_hang3305std122 heba0539517395zx 梦柔}
2017/05/22 13:55:12 DEBUG [controller.(*Logic).GetTask](task_endpoint.go:121) get task req: &{wxid_hang3305std122 heba0539517395zx 梦柔}
2017/05/22 13:55:27 DEBUG [controller.(*Logic).GetTask](task_endpoint.go:121) get task req: &{wxid_hang3305std122 heba0539517395zx 梦柔}
2017/05/22 13:55:42 DEBUG [controller.(*Logic).GetTask](task_endpoint.go:121) get task req: &{wxid_hang3305std122 heba0539517395zx 梦柔}
2017/05/22 13:55:57 DEBUG [controller.(*Logic).GetTask](task_endpoint.go:121) get task req: &{wxid_hang3305std122 heba0539517395zx 梦柔}
2017/05/22 13:56:12 DEBUG [controller.(*Logic).GetTask](task_endpoint.go:121) get task req: &{wxid_hang3305std122 heba0539517395zx 梦柔}
2017/05/22 13:56:27 DEBUG [controller.(*Logic).GetTask](task_endpoint.go:121) get task req: &{wxid_hang3305std122 heba0539517395zx 梦柔}
2017/05/22 13:56:42 DEBUG [controller.(*Logic).GetTask](task_endpoint.go:121) get task req: &{wxid_hang3305std122 heba0539517395zx 梦柔}
2017/05/22 13:56:57 DEBUG [controller.(*Logic).GetTask](task_endpoint.go:121) get task req: &{wxid_hang3305std122 heba0539517395zx 梦柔}
2017/05/22 13:57:12 DEBUG [controller.(*Logic).GetTask](task_endpoint.go:121) get task req: &{wxid_hang3305std122 heba0539517395zx 梦柔}
2017/05/22 13:57:27 DEBUG [controller.(*Logic).GetTask](task_endpoint.go:121) get task req: &{wxid_hang3305std122 heba0539517395zx 梦柔}
2017/05/22 13:57:42 DEBUG [controller.(*Logic).GetTask](task_endpoint.go:121) get task req: &{wxid_hang3305std122 heba0539517395zx 梦柔}
2017/05/22 13:57:57 DEBUG [controller.(*Logic).GetTask](task_endpoint.go:121) get task req: &{wxid_hang3305std122 heba0539517395zx 梦柔}
2017/05/22 13:58:12 DEBUG [controller.(*Logic).GetTask](task_endpoint.go:121) get task req: &{wxid_hang3305std122 heba0539517395zx 梦柔}
2017/05/22 13:58:27 DEBUG [controller.(*Logic).GetTask](task_endpoint.go:121) get task req: &{wxid_hang3305std122 heba0539517395zx 梦柔}
2017/05/22 13:58:42 DEBUG [controller.(*Logic).GetTask](task_endpoint.go:121) get task req: &{wxid_hang3305std122 heba0539517395zx 梦柔}
2017/05/22 13:58:57 DEBUG [controller.(*Logic).GetTask](task_endpoint.go:121) get task req: &{wxid_hang3305std122 heba0539517395zx 梦柔}
2017/05/22 13:59:12 DEBUG [controller.(*Logic).GetTask](task_endpoint.go:121) get task req: &{wxid_hang3305std122 heba0539517395zx 梦柔}
2017/05/22 13:59:27 DEBUG [controller.(*Logic).GetTask](task_endpoint.go:121) get task req: &{wxid_hang3305std122 heba0539517395zx 梦柔}
2017/05/22 13:59:42 DEBUG [controller.(*Logic).GetTask](task_endpoint.go:121) get task req: &{wxid_hang3305std122 heba0539517395zx 梦柔}
2017/05/22 13:59:57 DEBUG [controller.(*Logic).GetTask](task_endpoint.go:121) get task req: &{wxid_hang3305std122 heba0539517395zx 梦柔}
2017/05/22 14:00:12 DEBUG [controller.(*Logic).GetTask](task_endpoint.go:121) get task req: &{wxid_hang3305std122 heba0539517395zx 梦柔}
2017/05/22 14:00:27 DEBUG [controller.(*Logic).GetTask](task_endpoint.go:121) get task req: &{wxid_hang3305std122 heba0539517395zx 梦柔}
2017/05/22 14:00:42 DEBUG [controller.(*Logic).GetTask](task_endpoint.go:121) get task req: &{wxid_hang3305std122 heba0539517395zx 梦柔}
2017/05/22 14:00:57 DEBUG [controller.(*Logic).GetTask](task_endpoint.go:121) get task req: &{wxid_hang3305std122 heba0539517395zx 梦柔}
2017/05/22 14:01:12 DEBUG [controller.(*Logic).GetTask](task_endpoint.go:121) get task req: &{wxid_hang3305std122 heba0539517395zx 梦柔}
2017/05/22 14:01:27 DEBUG [controller.(*Logic).GetTask](task_endpoint.go:121) get task req: &{wxid_hang3305std122 heba0539517395zx 梦柔}
2017/05/22 14:01:42 DEBUG [controller.(*Logic).GetTask](task_endpoint.go:121) get task req: &{wxid_hang3305std122 heba0539517395zx 梦柔}
2017/05/22 14:01:57 DEBUG [controller.(*Logic).GetTask](task_endpoint.go:121) get task req: &{wxid_hang3305std122 heba0539517395zx 梦柔}
2017/05/22 14:02:12 DEBUG [controller.(*Logic).GetTask](task_endpoint.go:121) get task req: &{wxid_hang3305std122 heba0539517395zx 梦柔}
2017/05/22 14:02:27 DEBUG [controller.(*Logic).GetTask](task_endpoint.go:121) get task req: &{wxid_hang3305std122 heba0539517395zx 梦柔}
2017/05/22 14:02:42 DEBUG [controller.(*Logic).GetTask](task_endpoint.go:121) get task req: &{wxid_hang3305std122 heba0539517395zx 梦柔}
2017/05/22 14:02:57 DEBUG [controller.(*Logic).GetTask](task_endpoint.go:121) get task req: &{wxid_hang3305std122 heba0539517395zx 梦柔}
2017/05/22 14:03:12 DEBUG [controller.(*Logic).GetTask](task_endpoint.go:121) get task req: &{wxid_hang3305std122 heba0539517395zx 梦柔}
2017/05/22 14:03:27 DEBUG [controller.(*Logic).GetTask](task_endpoint.go:121) get task req: &{wxid_hang3305std122 heba0539517395zx 梦柔}
2017/05/22 14:03:42 DEBUG [controller.(*Logic).GetTask](task_endpoint.go:121) get task req: &{wxid_hang3305std122 heba0539517395zx 梦柔}
2017/05/22 14:03:57 DEBUG [controller.(*Logic).GetTask](task_endpoint.go:121) get task req: &{wxid_hang3305std122 heba0539517395zx 梦柔}
2017/05/22 14:04:12 DEBUG [controller.(*Logic).GetTask](task_endpoint.go:121) get task req: &{wxid_hang3305std122 heba0539517395zx 梦柔}
2017/05/22 14:04:27 DEBUG [controller.(*Logic).GetTask](task_endpoint.go:121) get task req: &{wxid_hang3305std122 heba0539517395zx 梦柔}
2017/05/22 14:04:42 DEBUG [controller.(*Logic).GetTask](task_endpoint.go:121) get task req: &{wxid_hang3305std122 heba0539517395zx 梦柔}
2017/05/22 14:04:57 DEBUG [controller.(*Logic).GetTask](task_endpoint.go:121) get task req: &{wxid_hang3305std122 heba0539517395zx 梦柔}
2017/05/22 14:05:12 DEBUG [controller.(*Logic).GetTask](task_endpoint.go:121) get task req: &{wxid_hang3305std122 heba0539517395zx 梦柔}
2017/05/22 14:05:27 DEBUG [controller.(*Logic).GetTask](task_endpoint.go:121) get task req: &{wxid_hang3305std122 heba0539517395zx 梦柔}
2017/05/22 14:05:42 DEBUG [controller.(*Logic).GetTask](task_endpoint.go:121) get task req: &{wxid_hang3305std122 heba0539517395zx 梦柔}
2017/05/22 14:05:57 DEBUG [controller.(*Logic).GetTask](task_endpoint.go:121) get task req: &{wxid_hang3305std122 heba0539517395zx 梦柔}
2017/05/22 14:06:12 DEBUG [controller.(*Logic).GetTask](task_endpoint.go:121) get task req: &{wxid_hang3305std122 heba0539517395zx 梦柔}
2017/05/22 14:06:27 DEBUG [controller.(*Logic).GetTask](task_endpoint.go:121) get task req: &{wxid_hang3305std122 heba0539517395zx 梦柔}
2017/05/22 14:06:42 DEBUG [controller.(*Logic).GetTask](task_endpoint.go:121) get task req: &{wxid_hang3305std122 heba0539517395zx 梦柔}
2017/05/22 14:06:57 DEBUG [controller.(*Logic).GetTask](task_endpoint.go:121) get task req: &{wxid_hang3305std122 heba0539517395zx 梦柔}
2017/05/22 14:07:12 DEBUG [controller.(*Logic).GetTask](task_endpoint.go:121) get task req: &{wxid_hang3305std122 heba0539517395zx 梦柔}
2017/05/22 14:07:27 DEBUG [controller.(*Logic).GetTask](task_endpoint.go:121) get task req: &{wxid_hang3305std122 heba0539517395zx 梦柔}
2017/05/22 14:07:42 DEBUG [controller.(*Logic).GetTask](task_endpoint.go:121) get task req: &{wxid_hang3305std122 heba0539517395zx 梦柔}
2017/05/22 14:07:57 DEBUG [controller.(*Logic).GetTask](task_endpoint.go:121) get task req: &{wxid_hang3305std122 heba0539517395zx 梦柔}
2017/05/22 14:08:12 DEBUG [controller.(*Logic).GetTask](task_endpoint.go:121) get task req: &{wxid_hang3305std122 heba0539517395zx 梦柔}
2017/05/22 14:08:27 DEBUG [controller.(*Logic).GetTask](task_endpoint.go:121) get task req: &{wxid_hang3305std122 heba0539517395zx 梦柔}
2017/05/22 14:08:42 DEBUG [controller.(*Logic).GetTask](task_endpoint.go:121) get task req: &{wxid_hang3305std122 heba0539517395zx 梦柔}
2017/05/22 14:08:57 DEBUG [controller.(*Logic).GetTask](task_endpoint.go:121) get task req: &{wxid_hang3305std122 heba0539517395zx 梦柔}
2017/05/22 14:09:12 DEBUG [controller.(*Logic).GetTask](task_endpoint.go:121) get task req: &{wxid_hang3305std122 heba0539517395zx 梦柔}
2017/05/22 14:09:27 DEBUG [controller.(*Logic).GetTask](task_endpoint.go:121) get task req: &{wxid_hang3305std122 heba0539517395zx 梦柔}
2017/05/22 14:09:42 DEBUG [controller.(*Logic).GetTask](task_endpoint.go:121) get task req: &{wxid_hang3305std122 heba0539517395zx 梦柔}
2017/05/22 14:09:57 DEBUG [controller.(*Logic).GetTask](task_endpoint.go:121) get task req: &{wxid_hang3305std122 heba0539517395zx 梦柔}
2017/05/22 14:10:12 DEBUG [controller.(*Logic).GetTask](task_endpoint.go:121) get task req: &{wxid_hang3305std122 heba0539517395zx 梦柔}
2017/05/22 14:10:27 DEBUG [controller.(*Logic).GetTask](task_endpoint.go:121) get task req: &{wxid_hang3305std122 heba0539517395zx 梦柔}
2017/05/22 14:10:42 DEBUG [controller.(*Logic).GetTask](task_endpoint.go:121) get task req: &{wxid_hang3305std122 heba0539517395zx 梦柔}
2017/05/22 14:10:57 DEBUG [controller.(*Logic).GetTask](task_endpoint.go:121) get task req: &{wxid_hang3305std122 heba0539517395zx 梦柔}
2017/05/22 14:11:12 DEBUG [controller.(*Logic).GetTask](task_endpoint.go:121) get task req: &{wxid_hang3305std122 heba0539517395zx 梦柔}
2017/05/22 14:11:27 DEBUG [controller.(*Logic).GetTask](task_endpoint.go:121) get task req: &{wxid_hang3305std122 heba0539517395zx 梦柔}
2017/05/22 14:11:42 DEBUG [controller.(*Logic).GetTask](task_endpoint.go:121) get task req: &{wxid_hang3305std122 heba0539517395zx 梦柔}
2017/05/22 14:11:57 DEBUG [controller.(*Logic).GetTask](task_endpoint.go:121) get task req: &{wxid_hang3305std122 heba0539517395zx 梦柔}
2017/05/22 14:12:12 DEBUG [controller.(*Logic).GetTask](task_endpoint.go:121) get task req: &{wxid_hang3305std122 heba0539517395zx 梦柔}
2017/05/22 14:12:27 DEBUG [controller.(*Logic).GetTask](task_endpoint.go:121) get task req: &{wxid_hang3305std122 heba0539517395zx 梦柔}
2017/05/22 14:12:42 DEBUG [controller.(*Logic).GetTask](task_endpoint.go:121) get task req: &{wxid_hang3305std122 heba0539517395zx 梦柔}
2017/05/22 14:12:57 DEBUG [controller.(*Logic).GetTask](task_endpoint.go:121) get task req: &{wxid_hang3305std122 heba0539517395zx 梦柔}
2017/05/22 14:13:12 DEBUG [controller.(*Logic).GetTask](task_endpoint.go:121) get task req: &{wxid_hang3305std122 heba0539517395zx 梦柔}
2017/05/22 14:13:27 DEBUG [controller.(*Logic).GetTask](task_endpoint.go:121) get task req: &{wxid_hang3305std122 heba0539517395zx 梦柔}
2017/05/22 14:13:42 DEBUG [controller.(*Logic).GetTask](task_endpoint.go:121) get task req: &{wxid_hang3305std122 heba0539517395zx 梦柔}
2017/05/22 14:13:57 DEBUG [controller.(*Logic).GetTask](task_endpoint.go:121) get task req: &{wxid_hang3305std122 heba0539517395zx 梦柔}
2017/05/22 14:14:12 DEBUG [controller.(*Logic).GetTask](task_endpoint.go:121) get task req: &{wxid_hang3305std122 heba0539517395zx 梦柔}
2017/05/22 14:14:27 DEBUG [controller.(*Logic).GetTask](task_endpoint.go:121) get task req: &{wxid_hang3305std122 heba0539517395zx 梦柔}
2017/05/22 14:14:42 DEBUG [controller.(*Logic).GetTask](task_endpoint.go:121) get task req: &{wxid_hang3305std122 heba0539517395zx 梦柔}
2017/05/22 14:14:57 DEBUG [controller.(*Logic).GetTask](task_endpoint.go:121) get task req: &{wxid_hang3305std122 heba0539517395zx 梦柔}
2017/05/22 14:15:12 DEBUG [controller.(*Logic).GetTask](task_endpoint.go:121) get task req: &{wxid_hang3305std122 heba0539517395zx 梦柔}
2017/05/22 14:15:27 DEBUG [controller.(*Logic).GetTask](task_endpoint.go:121) get task req: &{wxid_hang3305std122 heba0539517395zx 梦柔}
2017/05/22 14:15:42 DEBUG [controller.(*Logic).GetTask](task_endpoint.go:121) get task req: &{wxid_hang3305std122 heba0539517395zx 梦柔}
2017/05/22 14:15:57 DEBUG [controller.(*Logic).GetTask](task_endpoint.go:121) get task req: &{wxid_hang3305std122 heba0539517395zx 梦柔}
2017/05/22 14:16:12 DEBUG [controller.(*Logic).GetTask](task_endpoint.go:121) get task req: &{wxid_hang3305std122 heba0539517395zx 梦柔}
2017/05/22 14:16:27 DEBUG [controller.(*Logic).GetTask](task_endpoint.go:121) get task req: &{wxid_hang3305std122 heba0539517395zx 梦柔}
2017/05/22 14:32:22 DEBUG [controller.(*Logic).GetTask](task_endpoint.go:121) get task req: &{wxid_hang3305std122 heba0539517395zx 梦柔}
2017/05/22 14:32:23 DEBUG [controller.(*Logic).GetTask](task_endpoint.go:121) get task req: &{wxid_hang3305std122 heba0539517395zx 梦柔}
2017/05/22 14:32:38 DEBUG [controller.(*Logic).GetTask](task_endpoint.go:121) get task req: &{wxid_hang3305std122 heba0539517395zx 梦柔}
2017/05/22 14:32:53 DEBUG [controller.(*Logic).GetTask](task_endpoint.go:121) get task req: &{wxid_hang3305std122 heba0539517395zx 梦柔}
2017/05/22 14:33:08 DEBUG [controller.(*Logic).GetTask](task_endpoint.go:121) get task req: &{wxid_hang3305std122 heba0539517395zx 梦柔}
2017/05/22 14:33:23 DEBUG [controller.(*Logic).GetTask](task_endpoint.go:121) get task req: &{wxid_hang3305std122 heba0539517395zx 梦柔}
2017/05/22 14:33:38 DEBUG [controller.(*Logic).GetTask](task_endpoint.go:121) get task req: &{wxid_hang3305std122 heba0539517395zx 梦柔}
2017/05/22 14:33:53 DEBUG [controller.(*Logic).GetTask](task_endpoint.go:121) get task req: &{wxid_hang3305std122 heba0539517395zx 梦柔}
2017/05/22 14:34:08 DEBUG [controller.(*Logic).GetTask](task_endpoint.go:121) get task req: &{wxid_hang3305std122 heba0539517395zx 梦柔}
2017/05/22 14:34:23 DEBUG [controller.(*Logic).GetTask](task_endpoint.go:121) get task req: &{wxid_hang3305std122 heba0539517395zx 梦柔}
2017/05/22 14:34:38 DEBUG [controller.(*Logic).GetTask](task_endpoint.go:121) get task req: &{wxid_hang3305std122 heba0539517395zx 梦柔}
2017/05/22 14:34:53 DEBUG [controller.(*Logic).GetTask](task_endpoint.go:121) get task req: &{wxid_hang3305std122 heba0539517395zx 梦柔}
2017/05/22 14:35:08 DEBUG [controller.(*Logic).GetTask](task_endpoint.go:121) get task req: &{wxid_hang3305std122 heba0539517395zx 梦柔}
2017/05/22 14:35:23 DEBUG [controller.(*Logic).GetTask](task_endpoint.go:121) get task req: &{wxid_hang3305std122 heba0539517395zx 梦柔}
2017/05/22 14:35:38 DEBUG [controller.(*Logic).GetTask](task_endpoint.go:121) get task req: &{wxid_hang3305std122 heba0539517395zx 梦柔}
2017/05/22 14:35:53 DEBUG [controller.(*Logic).GetTask](task_endpoint.go:121) get task req: &{wxid_hang3305std122 heba0539517395zx 梦柔}
2017/05/22 14:36:08 DEBUG [controller.(*Logic).GetTask](task_endpoint.go:121) get task req: &{wxid_hang3305std122 heba0539517395zx 梦柔}
2017/05/22 14:36:23 DEBUG [controller.(*Logic).GetTask](task_endpoint.go:121) get task req: &{wxid_hang3305std122 heba0539517395zx 梦柔}
2017/05/22 14:36:38 DEBUG [controller.(*Logic).GetTask](task_endpoint.go:121) get task req: &{wxid_hang3305std122 heba0539517395zx 梦柔}
2017/05/22 14:36:53 DEBUG [controller.(*Logic).GetTask](task_endpoint.go:121) get task req: &{wxid_hang3305std122 heba0539517395zx 梦柔}
2017/05/22 14:37:08 DEBUG [controller.(*Logic).GetTask](task_endpoint.go:121) get task req: &{wxid_hang3305std122 heba0539517395zx 梦柔}
2017/05/22 14:37:23 DEBUG [controller.(*Logic).GetTask](task_endpoint.go:121) get task req: &{wxid_hang3305std122 heba0539517395zx 梦柔}
2017/05/22 14:37:38 DEBUG [controller.(*Logic).GetTask](task_endpoint.go:121) get task req: &{wxid_hang3305std122 heba0539517395zx 梦柔}
2017/05/22 14:37:53 DEBUG [controller.(*Logic).GetTask](task_endpoint.go:121) get task req: &{wxid_hang3305std122 heba0539517395zx 梦柔}
2017/05/22 14:38:08 DEBUG [controller.(*Logic).GetTask](task_endpoint.go:121) get task req: &{wxid_hang3305std122 heba0539517395zx 梦柔}
2017/05/22 14:38:23 DEBUG [controller.(*Logic).GetTask](task_endpoint.go:121) get task req: &{wxid_hang3305std122 heba0539517395zx 梦柔}
2017/05/22 14:38:38 DEBUG [controller.(*Logic).GetTask](task_endpoint.go:121) get task req: &{wxid_hang3305std122 heba0539517395zx 梦柔}
2017/05/22 14:38:53 DEBUG [controller.(*Logic).GetTask](task_endpoint.go:121) get task req: &{wxid_hang3305std122 heba0539517395zx 梦柔}
2017/05/22 14:39:08 DEBUG [controller.(*Logic).GetTask](task_endpoint.go:121) get task req: &{wxid_hang3305std122 heba0539517395zx 梦柔}
2017/05/22 14:39:23 DEBUG [controller.(*Logic).GetTask](task_endpoint.go:121) get task req: &{wxid_hang3305std122 heba0539517395zx 梦柔}
2017/05/22 14:39:38 DEBUG [controller.(*Logic).GetTask](task_endpoint.go:121) get task req: &{wxid_hang3305std122 heba0539517395zx 梦柔}
2017/05/22 14:39:53 DEBUG [controller.(*Logic).GetTask](task_endpoint.go:121) get task req: &{wxid_hang3305std122 heba0539517395zx 梦柔}
2017/05/22 14:40:08 DEBUG [controller.(*Logic).GetTask](task_endpoint.go:121) get task req: &{wxid_hang3305std122 heba0539517395zx 梦柔}
2017/05/22 14:40:23 DEBUG [controller.(*Logic).GetTask](task_endpoint.go:121) get task req: &{wxid_hang3305std122 heba0539517395zx 梦柔}
2017/05/22 14:40:38 DEBUG [controller.(*Logic).GetTask](task_endpoint.go:121) get task req: &{wxid_hang3305std122 heba0539517395zx 梦柔}
2017/05/22 14:40:53 DEBUG [controller.(*Logic).GetTask](task_endpoint.go:121) get task req: &{wxid_hang3305std122 heba0539517395zx 梦柔}
2017/05/22 14:41:08 DEBUG [controller.(*Logic).GetTask](task_endpoint.go:121) get task req: &{wxid_hang3305std122 heba0539517395zx 梦柔}
2017/05/22 14:41:23 DEBUG [controller.(*Logic).GetTask](task_endpoint.go:121) get task req: &{wxid_hang3305std122 heba0539517395zx 梦柔}
2017/05/22 14:41:38 DEBUG [controller.(*Logic).GetTask](task_endpoint.go:121) get task req: &{wxid_hang3305std122 heba0539517395zx 梦柔}
2017/05/22 14:41:53 DEBUG [controller.(*Logic).GetTask](task_endpoint.go:121) get task req: &{wxid_hang3305std122 heba0539517395zx 梦柔}
2017/05/22 14:42:08 DEBUG [controller.(*Logic).GetTask](task_endpoint.go:121) get task req: &{wxid_hang3305std122 heba0539517395zx 梦柔}
2017/05/22 14:42:23 DEBUG [controller.(*Logic).GetTask](task_endpoint.go:121) get task req: &{wxid_hang3305std122 heba0539517395zx 梦柔}
2017/05/22 14:42:38 DEBUG [controller.(*Logic).GetTask](task_endpoint.go:121) get task req: &{wxid_hang3305std122 heba0539517395zx 梦柔}
2017/05/22 14:42:53 DEBUG [controller.(*Logic).GetTask](task_endpoint.go:121) get task req: &{wxid_hang3305std122 heba0539517395zx 梦柔}
2017/05/22 14:43:08 DEBUG [controller.(*Logic).GetTask](task_endpoint.go:121) get task req: &{wxid_hang3305std122 heba0539517395zx 梦柔}
2017/05/22 14:43:23 DEBUG [controller.(*Logic).GetTask](task_endpoint.go:121) get task req: &{wxid_hang3305std122 heba0539517395zx 梦柔}
2017/05/22 14:43:38 DEBUG [controller.(*Logic).GetTask](task_endpoint.go:121) get task req: &{wxid_hang3305std122 heba0539517395zx 梦柔}
2017/05/22 14:43:53 DEBUG [controller.(*Logic).GetTask](task_endpoint.go:121) get task req: &{wxid_hang3305std122 heba0539517395zx 梦柔}
2017/05/22 14:44:08 DEBUG [controller.(*Logic).GetTask](task_endpoint.go:121) get task req: &{wxid_hang3305std122 heba0539517395zx 梦柔}
2017/05/22 14:44:23 DEBUG [controller.(*Logic).GetTask](task_endpoint.go:121) get task req: &{wxid_hang3305std122 heba0539517395zx 梦柔}
2017/05/22 14:44:38 DEBUG [controller.(*Logic).GetTask](task_endpoint.go:121) get task req: &{wxid_hang3305std122 heba0539517395zx 梦柔}
2017/05/22 14:44:53 DEBUG [controller.(*Logic).GetTask](task_endpoint.go:121) get task req: &{wxid_hang3305std122 heba0539517395zx 梦柔}
2017/05/22 14:45:08 DEBUG [controller.(*Logic).GetTask](task_endpoint.go:121) get task req: &{wxid_hang3305std122 heba0539517395zx 梦柔}
2017/05/22 14:45:23 DEBUG [controller.(*Logic).GetTask](task_endpoint.go:121) get task req: &{wxid_hang3305std122 heba0539517395zx 梦柔}
2017/05/22 14:45:38 DEBUG [controller.(*Logic).GetTask](task_endpoint.go:121) get task req: &{wxid_hang3305std122 heba0539517395zx 梦柔}
2017/05/22 14:45:53 DEBUG [controller.(*Logic).GetTask](task_endpoint.go:121) get task req: &{wxid_hang3305std122 heba0539517395zx 梦柔}
2017/05/22 14:46:08 DEBUG [controller.(*Logic).GetTask](task_endpoint.go:121) get task req: &{wxid_hang3305std122 heba0539517395zx 梦柔}
2017/05/22 14:46:23 DEBUG [controller.(*Logic).GetTask](task_endpoint.go:121) get task req: &{wxid_hang3305std122 heba0539517395zx 梦柔}
2017/05/22 14:46:38 DEBUG [controller.(*Logic).GetTask](task_endpoint.go:121) get task req: &{wxid_hang3305std122 heba0539517395zx 梦柔}
2017/05/22 14:46:53 DEBUG [controller.(*Logic).GetTask](task_endpoint.go:121) get task req: &{wxid_hang3305std122 heba0539517395zx 梦柔}
2017/05/22 14:47:08 DEBUG [controller.(*Logic).GetTask](task_endpoint.go:121) get task req: &{wxid_hang3305std122 heba0539517395zx 梦柔}
2017/05/22 14:47:23 DEBUG [controller.(*Logic).GetTask](task_endpoint.go:121) get task req: &{wxid_hang3305std122 heba0539517395zx 梦柔}
2017/05/22 14:47:38 DEBUG [controller.(*Logic).GetTask](task_endpoint.go:121) get task req: &{wxid_hang3305std122 heba0539517395zx 梦柔}
2017/05/22 14:47:53 DEBUG [controller.(*Logic).GetTask](task_endpoint.go:121) get task req: &{wxid_hang3305std122 heba0539517395zx 梦柔}
2017/05/22 14:48:08 DEBUG [controller.(*Logic).GetTask](task_endpoint.go:121) get task req: &{wxid_hang3305std122 heba0539517395zx 梦柔}
2017/05/22 14:48:23 DEBUG [controller.(*Logic).GetTask](task_endpoint.go:121) get task req: &{wxid_hang3305std122 heba0539517395zx 梦柔}
2017/05/22 14:48:38 DEBUG [controller.(*Logic).GetTask](task_endpoint.go:121) get task req: &{wxid_hang3305std122 heba0539517395zx 梦柔}
2017/05/22 14:48:53 DEBUG [controller.(*Logic).GetTask](task_endpoint.go:121) get task req: &{wxid_hang3305std122 heba0539517395zx 梦柔}
2017/05/22 14:49:08 DEBUG [controller.(*Logic).GetTask](task_endpoint.go:121) get task req: &{wxid_hang3305std122 heba0539517395zx 梦柔}
2017/05/22 14:49:23 DEBUG [controller.(*Logic).GetTask](task_endpoint.go:121) get task req: &{wxid_hang3305std122 heba0539517395zx 梦柔}
2017/05/22 14:49:38 DEBUG [controller.(*Logic).GetTask](task_endpoint.go:121) get task req: &{wxid_hang3305std122 heba0539517395zx 梦柔}
2017/05/22 14:49:53 DEBUG [controller.(*Logic).GetTask](task_endpoint.go:121) get task req: &{wxid_hang3305std122 heba0539517395zx 梦柔}
2017/05/22 14:50:08 DEBUG [controller.(*Logic).GetTask](task_endpoint.go:121) get task req: &{wxid_hang3305std122 heba0539517395zx 梦柔}
2017/05/22 14:50:23 DEBUG [controller.(*Logic).GetTask](task_endpoint.go:121) get task req: &{wxid_hang3305std122 heba0539517395zx 梦柔}
2017/05/22 14:50:38 DEBUG [controller.(*Logic).GetTask](task_endpoint.go:121) get task req: &{wxid_hang3305std122 heba0539517395zx 梦柔}
2017/05/22 14:50:53 DEBUG [controller.(*Logic).GetTask](task_endpoint.go:121) get task req: &{wxid_hang3305std122 heba0539517395zx 梦柔}
2017/05/22 14:51:08 DEBUG [controller.(*Logic).GetTask](task_endpoint.go:121) get task req: &{wxid_hang3305std122 heba0539517395zx 梦柔}
2017/05/22 14:51:23 DEBUG [controller.(*Logic).GetTask](task_endpoint.go:121) get task req: &{wxid_hang3305std122 heba0539517395zx 梦柔}
2017/05/22 14:51:38 DEBUG [controller.(*Logic).GetTask](task_endpoint.go:121) get task req: &{wxid_hang3305std122 heba0539517395zx 梦柔}
2017/05/22 14:51:53 DEBUG [controller.(*Logic).GetTask](task_endpoint.go:121) get task req: &{wxid_hang3305std122 heba0539517395zx 梦柔}
2017/05/22 14:52:08 DEBUG [controller.(*Logic).GetTask](task_endpoint.go:121) get task req: &{wxid_hang3305std122 heba0539517395zx 梦柔}
2017/05/22 14:52:23 DEBUG [controller.(*Logic).GetTask](task_endpoint.go:121) get task req: &{wxid_hang3305std122 heba0539517395zx 梦柔}
2017/05/22 14:52:38 DEBUG [controller.(*Logic).GetTask](task_endpoint.go:121) get task req: &{wxid_hang3305std122 heba0539517395zx 梦柔}
2017/05/22 14:52:53 DEBUG [controller.(*Logic).GetTask](task_endpoint.go:121) get task req: &{wxid_hang3305std122 heba0539517395zx 梦柔}
2017/05/22 14:53:08 DEBUG [controller.(*Logic).GetTask](task_endpoint.go:121) get task req: &{wxid_hang3305std122 heba0539517395zx 梦柔}
2017/05/22 14:53:23 DEBUG [controller.(*Logic).GetTask](task_endpoint.go:121) get task req: &{wxid_hang3305std122 heba0539517395zx 梦柔}
2017/05/22 14:53:38 DEBUG [controller.(*Logic).GetTask](task_endpoint.go:121) get task req: &{wxid_hang3305std122 heba0539517395zx 梦柔}
2017/05/22 14:53:53 DEBUG [controller.(*Logic).GetTask](task_endpoint.go:121) get task req: &{wxid_hang3305std122 heba0539517395zx 梦柔}
2017/05/22 14:54:08 DEBUG [controller.(*Logic).GetTask](task_endpoint.go:121) get task req: &{wxid_hang3305std122 heba0539517395zx 梦柔}
2017/05/22 14:54:23 DEBUG [controller.(*Logic).GetTask](task_endpoint.go:121) get task req: &{wxid_hang3305std122 heba0539517395zx 梦柔}
2017/05/22 14:54:38 DEBUG [controller.(*Logic).GetTask](task_endpoint.go:121) get task req: &{wxid_hang3305std122 heba0539517395zx 梦柔}
2017/05/22 14:54:53 DEBUG [controller.(*Logic).GetTask](task_endpoint.go:121) get task req: &{wxid_hang3305std122 heba0539517395zx 梦柔}
2017/05/22 14:55:08 DEBUG [controller.(*Logic).GetTask](task_endpoint.go:121) get task req: &{wxid_hang3305std122 heba0539517395zx 梦柔}
2017/05/22 14:55:23 DEBUG [controller.(*Logic).GetTask](task_endpoint.go:121) get task req: &{wxid_hang3305std122 heba0539517395zx 梦柔}
2017/05/22 14:55:38 DEBUG [controller.(*Logic).GetTask](task_endpoint.go:121) get task req: &{wxid_hang3305std122 heba0539517395zx 梦柔}
2017/05/22 14:55:53 DEBUG [controller.(*Logic).GetTask](task_endpoint.go:121) get task req: &{wxid_hang3305std122 heba0539517395zx 梦柔}
2017/05/22 14:56:08 DEBUG [controller.(*Logic).GetTask](task_endpoint.go:121) get task req: &{wxid_hang3305std122 heba0539517395zx 梦柔}
2017/05/22 14:56:23 DEBUG [controller.(*Logic).GetTask](task_endpoint.go:121) get task req: &{wxid_hang3305std122 heba0539517395zx 梦柔}
2017/05/22 14:56:38 DEBUG [controller.(*Logic).GetTask](task_endpoint.go:121) get task req: &{wxid_hang3305std122 heba0539517395zx 梦柔}
2017/05/22 14:56:53 DEBUG [controller.(*Logic).GetTask](task_endpoint.go:121) get task req: &{wxid_hang3305std122 heba0539517395zx 梦柔}
2017/05/22 14:57:08 DEBUG [controller.(*Logic).GetTask](task_endpoint.go:121) get task req: &{wxid_hang3305std122 heba0539517395zx 梦柔}
2017/05/22 14:57:23 DEBUG [controller.(*Logic).GetTask](task_endpoint.go:121) get task req: &{wxid_hang3305std122 heba0539517395zx 梦柔}
2017/05/22 14:57:38 DEBUG [controller.(*Logic).GetTask](task_endpoint.go:121) get task req: &{wxid_hang3305std122 heba0539517395zx 梦柔}
2017/05/22 14:57:53 DEBUG [controller.(*Logic).GetTask](task_endpoint.go:121) get task req: &{wxid_hang3305std122 heba0539517395zx 梦柔}
2017/05/22 14:58:08 DEBUG [controller.(*Logic).GetTask](task_endpoint.go:121) get task req: &{wxid_hang3305std122 heba0539517395zx 梦柔}
2017/05/22 14:58:23 DEBUG [controller.(*Logic).GetTask](task_endpoint.go:121) get task req: &{wxid_hang3305std122 heba0539517395zx 梦柔}
2017/05/22 14:58:38 DEBUG [controller.(*Logic).GetTask](task_endpoint.go:121) get task req: &{wxid_hang3305std122 heba0539517395zx 梦柔}
2017/05/22 14:58:53 DEBUG [controller.(*Logic).GetTask](task_endpoint.go:121) get task req: &{wxid_hang3305std122 heba0539517395zx 梦柔}
2017/05/22 14:59:08 DEBUG [controller.(*Logic).GetTask](task_endpoint.go:121) get task req: &{wxid_hang3305std122 heba0539517395zx 梦柔}
2017/05/22 14:59:23 DEBUG [controller.(*Logic).GetTask](task_endpoint.go:121) get task req: &{wxid_hang3305std122 heba0539517395zx 梦柔}
2017/05/22 14:59:38 DEBUG [controller.(*Logic).GetTask](task_endpoint.go:121) get task req: &{wxid_hang3305std122 heba0539517395zx 梦柔}
2017/05/22 14:59:53 DEBUG [controller.(*Logic).GetTask](task_endpoint.go:121) get task req: &{wxid_hang3305std122 heba0539517395zx 梦柔}
2017/05/22 15:00:08 DEBUG [controller.(*Logic).GetTask](task_endpoint.go:121) get task req: &{wxid_hang3305std122 heba0539517395zx 梦柔}
2017/05/22 15:00:23 DEBUG [controller.(*Logic).GetTask](task_endpoint.go:121) get task req: &{wxid_hang3305std122 heba0539517395zx 梦柔}
2017/05/22 15:00:38 DEBUG [controller.(*Logic).GetTask](task_endpoint.go:121) get task req: &{wxid_hang3305std122 heba0539517395zx 梦柔}
2017/05/22 15:00:53 DEBUG [controller.(*Logic).GetTask](task_endpoint.go:121) get task req: &{wxid_hang3305std122 heba0539517395zx 梦柔}
2017/05/22 15:01:08 DEBUG [controller.(*Logic).GetTask](task_endpoint.go:121) get task req: &{wxid_hang3305std122 heba0539517395zx 梦柔}
2017/05/22 15:01:23 DEBUG [controller.(*Logic).GetTask](task_endpoint.go:121) get task req: &{wxid_hang3305std122 heba0539517395zx 梦柔}
2017/05/22 15:01:38 DEBUG [controller.(*Logic).GetTask](task_endpoint.go:121) get task req: &{wxid_hang3305std122 heba0539517395zx 梦柔}
2017/05/22 15:01:53 DEBUG [controller.(*Logic).GetTask](task_endpoint.go:121) get task req: &{wxid_hang3305std122 heba0539517395zx 梦柔}
2017/05/22 15:02:08 DEBUG [controller.(*Logic).GetTask](task_endpoint.go:121) get task req: &{wxid_hang3305std122 heba0539517395zx 梦柔}
2017/05/22 15:02:23 DEBUG [controller.(*Logic).GetTask](task_endpoint.go:121) get task req: &{wxid_hang3305std122 heba0539517395zx 梦柔}
2017/05/22 15:02:38 DEBUG [controller.(*Logic).GetTask](task_endpoint.go:121) get task req: &{wxid_hang3305std122 heba0539517395zx 梦柔}
2017/05/22 15:02:53 DEBUG [controller.(*Logic).GetTask](task_endpoint.go:121) get task req: &{wxid_hang3305std122 heba0539517395zx 梦柔}
2017/05/22 15:03:08 DEBUG [controller.(*Logic).GetTask](task_endpoint.go:121) get task req: &{wxid_hang3305std122 heba0539517395zx 梦柔}
2017/05/22 15:03:23 DEBUG [controller.(*Logic).GetTask](task_endpoint.go:121) get task req: &{wxid_hang3305std122 heba0539517395zx 梦柔}
2017/05/22 15:03:38 DEBUG [controller.(*Logic).GetTask](task_endpoint.go:121) get task req: &{wxid_hang3305std122 heba0539517395zx 梦柔}
2017/05/22 15:03:54 DEBUG [controller.(*Logic).GetTask](task_endpoint.go:121) get task req: &{wxid_hang3305std122 heba0539517395zx 梦柔}
2017/05/22 15:04:08 DEBUG [controller.(*Logic).GetTask](task_endpoint.go:121) get task req: &{wxid_hang3305std122 heba0539517395zx 梦柔}
2017/05/22 15:04:24 DEBUG [controller.(*Logic).GetTask](task_endpoint.go:121) get task req: &{wxid_hang3305std122 heba0539517395zx 梦柔}
2017/05/22 15:04:38 DEBUG [controller.(*Logic).GetTask](task_endpoint.go:121) get task req: &{wxid_hang3305std122 heba0539517395zx 梦柔}
2017/05/22 15:04:53 DEBUG [controller.(*Logic).GetTask](task_endpoint.go:121) get task req: &{wxid_hang3305std122 heba0539517395zx 梦柔}
2017/05/22 15:05:08 DEBUG [controller.(*Logic).GetTask](task_endpoint.go:121) get task req: &{wxid_hang3305std122 heba0539517395zx 梦柔}
2017/05/22 15:05:23 DEBUG [controller.(*Logic).GetTask](task_endpoint.go:121) get task req: &{wxid_hang3305std122 heba0539517395zx 梦柔}
2017/05/22 15:05:38 DEBUG [controller.(*Logic).GetTask](task_endpoint.go:121) get task req: &{wxid_hang3305std122 heba0539517395zx 梦柔}
2017/05/22 15:05:54 DEBUG [controller.(*Logic).GetTask](task_endpoint.go:121) get task req: &{wxid_hang3305std122 heba0539517395zx 梦柔}
2017/05/22 15:06:24 DEBUG [controller.(*Logic).GetTask](task_endpoint.go:121) get task req: &{wxid_hang3305std122 heba0539517395zx 梦柔}
2017/05/22 15:06:38 DEBUG [controller.(*Logic).GetTask](task_endpoint.go:121) get task req: &{wxid_hang3305std122 heba0539517395zx 梦柔}
2017/05/22 15:06:40 DEBUG [controller.(*Logic).GetTask](task_endpoint.go:121) get task req: &{wxid_hang3305std122 heba0539517395zx 梦柔}
2017/05/22 15:06:56 DEBUG [controller.(*Logic).GetTask](task_endpoint.go:121) get task req: &{wxid_hang3305std122 heba0539517395zx 梦柔}
2017/05/22 15:07:08 DEBUG [controller.(*Logic).GetTask](task_endpoint.go:121) get task req: &{wxid_hang3305std122 heba0539517395zx 梦柔}
2017/05/22 15:07:24 DEBUG [controller.(*Logic).GetTask](task_endpoint.go:121) get task req: &{wxid_hang3305std122 heba0539517395zx 梦柔}
2017/05/22 15:07:38 DEBUG [controller.(*Logic).GetTask](task_endpoint.go:121) get task req: &{wxid_hang3305std122 heba0539517395zx 梦柔}
2017/05/22 15:07:58 DEBUG [controller.(*Logic).GetTask](task_endpoint.go:121) get task req: &{wxid_hang3305std122 heba0539517395zx 梦柔}
2017/05/22 15:08:08 DEBUG [controller.(*Logic).GetTask](task_endpoint.go:121) get task req: &{wxid_hang3305std122 heba0539517395zx 梦柔}
2017/05/22 15:08:23 DEBUG [controller.(*Logic).GetTask](task_endpoint.go:121) get task req: &{wxid_hang3305std122 heba0539517395zx 梦柔}
2017/05/22 15:08:38 DEBUG [controller.(*Logic).GetTask](task_endpoint.go:121) get task req: &{wxid_hang3305std122 heba0539517395zx 梦柔}
2017/05/22 15:08:54 DEBUG [controller.(*Logic).GetTask](task_endpoint.go:121) get task req: &{wxid_hang3305std122 heba0539517395zx 梦柔}
2017/05/22 15:09:08 DEBUG [controller.(*Logic).GetTask](task_endpoint.go:121) get task req: &{wxid_hang3305std122 heba0539517395zx 梦柔}
2017/05/22 15:09:23 DEBUG [controller.(*Logic).GetTask](task_endpoint.go:121) get task req: &{wxid_hang3305std122 heba0539517395zx 梦柔}
2017/05/22 15:09:38 DEBUG [controller.(*Logic).GetTask](task_endpoint.go:121) get task req: &{wxid_hang3305std122 heba0539517395zx 梦柔}
2017/05/22 15:09:53 DEBUG [controller.(*Logic).GetTask](task_endpoint.go:121) get task req: &{wxid_hang3305std122 heba0539517395zx 梦柔}
2017/05/22 15:10:09 DEBUG [controller.(*Logic).GetTask](task_endpoint.go:121) get task req: &{wxid_hang3305std122 heba0539517395zx 梦柔}
2017/05/22 15:10:23 DEBUG [controller.(*Logic).GetTask](task_endpoint.go:121) get task req: &{wxid_hang3305std122 heba0539517395zx 梦柔}
2017/05/22 15:10:38 DEBUG [controller.(*Logic).GetTask](task_endpoint.go:121) get task req: &{wxid_hang3305std122 heba0539517395zx 梦柔}
2017/05/22 15:10:54 DEBUG [controller.(*Logic).GetTask](task_endpoint.go:121) get task req: &{wxid_hang3305std122 heba0539517395zx 梦柔}
2017/05/22 15:11:08 DEBUG [controller.(*Logic).GetTask](task_endpoint.go:121) get task req: &{wxid_hang3305std122 heba0539517395zx 梦柔}
2017/05/22 15:11:23 DEBUG [controller.(*Logic).GetTask](task_endpoint.go:121) get task req: &{wxid_hang3305std122 heba0539517395zx 梦柔}
2017/05/22 15:11:38 DEBUG [controller.(*Logic).GetTask](task_endpoint.go:121) get task req: &{wxid_hang3305std122 heba0539517395zx 梦柔}
2017/05/22 15:11:53 DEBUG [controller.(*Logic).GetTask](task_endpoint.go:121) get task req: &{wxid_hang3305std122 heba0539517395zx 梦柔}
2017/05/22 15:12:08 DEBUG [controller.(*Logic).GetTask](task_endpoint.go:121) get task req: &{wxid_hang3305std122 heba0539517395zx 梦柔}
2017/05/22 15:12:28 DEBUG [controller.(*Logic).GetTask](task_endpoint.go:121) get task req: &{wxid_hang3305std122 heba0539517395zx 梦柔}
2017/05/22 15:12:39 DEBUG [controller.(*Logic).GetTask](task_endpoint.go:121) get task req: &{wxid_hang3305std122 heba0539517395zx 梦柔}
2017/05/22 15:12:53 DEBUG [controller.(*Logic).GetTask](task_endpoint.go:121) get task req: &{wxid_hang3305std122 heba0539517395zx 梦柔}
2017/05/22 15:13:08 DEBUG [controller.(*Logic).GetTask](task_endpoint.go:121) get task req: &{wxid_hang3305std122 heba0539517395zx 梦柔}
2017/05/22 15:13:23 DEBUG [controller.(*Logic).GetTask](task_endpoint.go:121) get task req: &{wxid_hang3305std122 heba0539517395zx 梦柔}
2017/05/22 15:13:38 DEBUG [controller.(*Logic).GetTask](task_endpoint.go:121) get task req: &{wxid_hang3305std122 heba0539517395zx 梦柔}
2017/05/22 15:13:53 DEBUG [controller.(*Logic).GetTask](task_endpoint.go:121) get task req: &{wxid_hang3305std122 heba0539517395zx 梦柔}
2017/05/22 15:14:08 DEBUG [controller.(*Logic).GetTask](task_endpoint.go:121) get task req: &{wxid_hang3305std122 heba0539517395zx 梦柔}
2017/05/22 15:14:23 DEBUG [controller.(*Logic).GetTask](task_endpoint.go:121) get task req: &{wxid_hang3305std122 heba0539517395zx 梦柔}
2017/05/22 15:14:38 DEBUG [controller.(*Logic).GetTask](task_endpoint.go:121) get task req: &{wxid_hang3305std122 heba0539517395zx 梦柔}
2017/05/22 15:14:53 DEBUG [controller.(*Logic).GetTask](task_endpoint.go:121) get task req: &{wxid_hang3305std122 heba0539517395zx 梦柔}
2017/05/22 15:15:08 DEBUG [controller.(*Logic).GetTask](task_endpoint.go:121) get task req: &{wxid_hang3305std122 heba0539517395zx 梦柔}
2017/05/22 15:15:23 DEBUG [controller.(*Logic).GetTask](task_endpoint.go:121) get task req: &{wxid_hang3305std122 heba0539517395zx 梦柔}
2017/05/22 15:15:38 DEBUG [controller.(*Logic).GetTask](task_endpoint.go:121) get task req: &{wxid_hang3305std122 heba0539517395zx 梦柔}
2017/05/22 15:15:53 DEBUG [controller.(*Logic).GetTask](task_endpoint.go:121) get task req: &{wxid_hang3305std122 heba0539517395zx 梦柔}
2017/05/22 15:16:08 DEBUG [controller.(*Logic).GetTask](task_endpoint.go:121) get task req: &{wxid_hang3305std122 heba0539517395zx 梦柔}
2017/05/22 15:16:24 DEBUG [controller.(*Logic).GetTask](task_endpoint.go:121) get task req: &{wxid_hang3305std122 heba0539517395zx 梦柔}
2017/05/22 15:16:38 DEBUG [controller.(*Logic).GetTask](task_endpoint.go:121) get task req: &{wxid_hang3305std122 heba0539517395zx 梦柔}
2017/05/22 15:16:53 DEBUG [controller.(*Logic).GetTask](task_endpoint.go:121) get task req: &{wxid_hang3305std122 heba0539517395zx 梦柔}
2017/05/22 15:17:08 DEBUG [controller.(*Logic).GetTask](task_endpoint.go:121) get task req: &{wxid_hang3305std122 heba0539517395zx 梦柔}
2017/05/22 15:17:23 DEBUG [controller.(*Logic).GetTask](task_endpoint.go:121) get task req: &{wxid_hang3305std122 heba0539517395zx 梦柔}
2017/05/22 15:17:38 DEBUG [controller.(*Logic).GetTask](task_endpoint.go:121) get task req: &{wxid_hang3305std122 heba0539517395zx 梦柔}
2017/05/22 15:17:53 DEBUG [controller.(*Logic).GetTask](task_endpoint.go:121) get task req: &{wxid_hang3305std122 heba0539517395zx 梦柔}
2017/05/22 15:18:08 DEBUG [controller.(*Logic).GetTask](task_endpoint.go:121) get task req: &{wxid_hang3305std122 heba0539517395zx 梦柔}
2017/05/22 15:18:23 DEBUG [controller.(*Logic).GetTask](task_endpoint.go:121) get task req: &{wxid_hang3305std122 heba0539517395zx 梦柔}
2017/05/22 15:18:38 DEBUG [controller.(*Logic).GetTask](task_endpoint.go:121) get task req: &{wxid_hang3305std122 heba0539517395zx 梦柔}
2017/05/22 15:18:53 DEBUG [controller.(*Logic).GetTask](task_endpoint.go:121) get task req: &{wxid_hang3305std122 heba0539517395zx 梦柔}
2017/05/22 15:19:08 DEBUG [controller.(*Logic).GetTask](task_endpoint.go:121) get task req: &{wxid_hang3305std122 heba0539517395zx 梦柔}
2017/05/22 15:19:23 DEBUG [controller.(*Logic).GetTask](task_endpoint.go:121) get task req: &{wxid_hang3305std122 heba0539517395zx 梦柔}
2017/05/22 15:19:38 DEBUG [controller.(*Logic).GetTask](task_endpoint.go:121) get task req: &{wxid_hang3305std122 heba0539517395zx 梦柔}
2017/05/22 15:19:53 DEBUG [controller.(*Logic).GetTask](task_endpoint.go:121) get task req: &{wxid_hang3305std122 heba0539517395zx 梦柔}
2017/05/22 15:20:08 DEBUG [controller.(*Logic).GetTask](task_endpoint.go:121) get task req: &{wxid_hang3305std122 heba0539517395zx 梦柔}
2017/05/22 15:20:23 DEBUG [controller.(*Logic).GetTask](task_endpoint.go:121) get task req: &{wxid_hang3305std122 heba0539517395zx 梦柔}
2017/05/22 15:20:38 DEBUG [controller.(*Logic).GetTask](task_endpoint.go:121) get task req: &{wxid_hang3305std122 heba0539517395zx 梦柔}
2017/05/22 15:20:53 DEBUG [controller.(*Logic).GetTask](task_endpoint.go:121) get task req: &{wxid_hang3305std122 heba0539517395zx 梦柔}
2017/05/22 15:21:08 DEBUG [controller.(*Logic).GetTask](task_endpoint.go:121) get task req: &{wxid_hang3305std122 heba0539517395zx 梦柔}
2017/05/22 15:21:23 DEBUG [controller.(*Logic).GetTask](task_endpoint.go:121) get task req: &{wxid_hang3305std122 heba0539517395zx 梦柔}
2017/05/22 15:21:38 DEBUG [controller.(*Logic).GetTask](task_endpoint.go:121) get task req: &{wxid_hang3305std122 heba0539517395zx 梦柔}
2017/05/22 15:21:53 DEBUG [controller.(*Logic).GetTask](task_endpoint.go:121) get task req: &{wxid_hang3305std122 heba0539517395zx 梦柔}
2017/05/22 15:22:08 DEBUG [controller.(*Logic).GetTask](task_endpoint.go:121) get task req: &{wxid_hang3305std122 heba0539517395zx 梦柔}
2017/05/22 15:22:23 DEBUG [controller.(*Logic).GetTask](task_endpoint.go:121) get task req: &{wxid_hang3305std122 heba0539517395zx 梦柔}
2017/05/22 15:22:38 DEBUG [controller.(*Logic).GetTask](task_endpoint.go:121) get task req: &{wxid_hang3305std122 heba0539517395zx 梦柔}
2017/05/22 15:22:53 DEBUG [controller.(*Logic).GetTask](task_endpoint.go:121) get task req: &{wxid_hang3305std122 heba0539517395zx 梦柔}
2017/05/22 15:23:08 DEBUG [controller.(*Logic).GetTask](task_endpoint.go:121) get task req: &{wxid_hang3305std122 heba0539517395zx 梦柔}
2017/05/22 15:23:23 DEBUG [controller.(*Logic).GetTask](task_endpoint.go:121) get task req: &{wxid_hang3305std122 heba0539517395zx 梦柔}
2017/05/22 15:23:39 DEBUG [controller.(*Logic).GetTask](task_endpoint.go:121) get task req: &{wxid_hang3305std122 heba0539517395zx 梦柔}
2017/05/22 15:23:54 DEBUG [controller.(*Logic).GetTask](task_endpoint.go:121) get task req: &{wxid_hang3305std122 heba0539517395zx 梦柔}
2017/05/22 15:24:08 DEBUG [controller.(*Logic).GetTask](task_endpoint.go:121) get task req: &{wxid_hang3305std122 heba0539517395zx 梦柔}
2017/05/22 15:24:23 DEBUG [controller.(*Logic).GetTask](task_endpoint.go:121) get task req: &{wxid_hang3305std122 heba0539517395zx 梦柔}
2017/05/22 15:24:38 DEBUG [controller.(*Logic).GetTask](task_endpoint.go:121) get task req: &{wxid_hang3305std122 heba0539517395zx 梦柔}
2017/05/22 15:24:53 DEBUG [controller.(*Logic).GetTask](task_endpoint.go:121) get task req: &{wxid_hang3305std122 heba0539517395zx 梦柔}
2017/05/22 15:25:08 DEBUG [controller.(*Logic).GetTask](task_endpoint.go:121) get task req: &{wxid_hang3305std122 heba0539517395zx 梦柔}
2017/05/22 15:25:23 DEBUG [controller.(*Logic).GetTask](task_endpoint.go:121) get task req: &{wxid_hang3305std122 heba0539517395zx 梦柔}
2017/05/22 15:25:38 DEBUG [controller.(*Logic).GetTask](task_endpoint.go:121) get task req: &{wxid_hang3305std122 heba0539517395zx 梦柔}
2017/05/22 15:25:53 DEBUG [controller.(*Logic).GetTask](task_endpoint.go:121) get task req: &{wxid_hang3305std122 heba0539517395zx 梦柔}
2017/05/22 15:26:08 DEBUG [controller.(*Logic).GetTask](task_endpoint.go:121) get task req: &{wxid_hang3305std122 heba0539517395zx 梦柔}
2017/05/22 15:26:24  INFO [controller.(*Logic).Run](logic.go:54) server starting on[:6565]..
2017/05/22 15:26:38 DEBUG [controller.(*Logic).GetTask](task_endpoint.go:121) get task req: &{wxid_hang3305std122 heba0539517395zx 梦柔 0 []}
2017/05/22 15:26:53 DEBUG [controller.(*Logic).GetTask](task_endpoint.go:121) get task req: &{wxid_hang3305std122 heba0539517395zx 梦柔 0 []}
2017/05/22 15:27:09 DEBUG [controller.(*Logic).GetTask](task_endpoint.go:121) get task req: &{wxid_hang3305std122 heba0539517395zx 梦柔 0 []}
2017/05/22 15:27:09 DEBUG [models.GetWeixin](wx.go:45) cannot find weixin from wechat[heba0539517395zx]
2017/05/22 15:27:09 ERROR [controller.(*Logic).GetTask](task_endpoint.go:133) Has no this weixin[heba0539517395zx]
2017/05/22 15:27:24 DEBUG [controller.(*Logic).GetTask](task_endpoint.go:121) get task req: &{wxid_hang3305std122 heba0539517395zx 梦柔 0 []}
2017/05/22 15:27:24 DEBUG [models.GetWeixin](wx.go:45) cannot find weixin from wechat[heba0539517395zx]
2017/05/22 15:27:24 ERROR [controller.(*Logic).GetTask](task_endpoint.go:133) Has no this weixin[heba0539517395zx]
2017/05/22 15:27:38  INFO [models.CreateWeixin](wx.go:34) create robot weixin[&{3  heba0539517395zx  0 1495438058 1495438058}] success.
2017/05/22 15:27:38  INFO [models.CreateWeixinVerify](wx_setting.go:120) create robot weixin verify[&{2 3 1 1495438058 1495438058}] success.
2017/05/22 15:27:38 DEBUG [controller.(*Logic).GetTask](task_endpoint.go:121) get task req: &{wxid_hang3305std122 heba0539517395zx 梦柔 0 []}
2017/05/22 15:27:38 DEBUG [controller.(*Logic).GetTask](task_endpoint.go:147) default task: {1 3 {"cards":["gh_bf5466bf916c","gh_cb645007fc9e","gh_287980d3b12d"],"interval":3} 1 1495355440 1495355440}
2017/05/22 15:27:54 DEBUG [controller.(*Logic).GetTask](task_endpoint.go:121) get task req: &{wxid_hang3305std122 heba0539517395zx 梦柔 0 []}
2017/05/22 15:28:08 DEBUG [controller.(*Logic).GetTask](task_endpoint.go:121) get task req: &{wxid_hang3305std122 heba0539517395zx 梦柔 0 []}
2017/05/22 15:28:23 DEBUG [controller.(*Logic).GetTask](task_endpoint.go:121) get task req: &{wxid_hang3305std122 heba0539517395zx 梦柔 0 []}
2017/05/22 15:28:39 DEBUG [controller.(*Logic).GetTask](task_endpoint.go:121) get task req: &{wxid_hang3305std122 heba0539517395zx 梦柔 0 []}
2017/05/22 15:28:53 DEBUG [controller.(*Logic).GetTask](task_endpoint.go:121) get task req: &{wxid_hang3305std122 heba0539517395zx 梦柔 0 []}
2017/05/22 15:29:08 DEBUG [controller.(*Logic).GetTask](task_endpoint.go:121) get task req: &{wxid_hang3305std122 heba0539517395zx 梦柔 0 []}
2017/05/22 15:29:23 DEBUG [controller.(*Logic).GetTask](task_endpoint.go:121) get task req: &{wxid_hang3305std122 heba0539517395zx 梦柔 0 []}
2017/05/22 15:29:38 DEBUG [controller.(*Logic).GetTask](task_endpoint.go:121) get task req: &{wxid_hang3305std122 heba0539517395zx 梦柔 0 []}
